[2015-04-22 14:41:24] production.ERROR: exception 'ErrorException' with message 'Undefined variable: task' in C:\lamp\www\cens-2n\storage\framework\views\1a771f155aff3915eff876eceb31ec3e:3
Stack trace:
#0 C:\lamp\www\cens-2n\storage\framework\views\1a771f155aff3915eff876eceb31ec3e(3): Illuminate\Foundation\Bootstrap\HandleExceptions->handleError(8, 'Undefined varia...', 'C:\\lamp\\www\\cen...', 3, Array)
#1 C:\lamp\www\cens-2n\vendor\compiled.php(13650): include('C:\\lamp\\www\\cen...')
#2 C:\lamp\www\cens-2n\vendor\compiled.php(13683): Illuminate\View\Engines\PhpEngine->evaluatePath('C:\\lamp\\www\\cen...', Array)
#3 C:\lamp\www\cens-2n\vendor\compiled.php(13523): Illuminate\View\Engines\CompilerEngine->get('C:\\lamp\\www\\cen...', Array)
#4 C:\lamp\www\cens-2n\vendor\compiled.php(13510): Illuminate\View\View->getContents()
#5 C:\lamp\www\cens-2n\vendor\compiled.php(13501): Illuminate\View\View->renderContents()
#6 C:\lamp\www\cens-2n\vendor\compiled.php(14597): Illuminate\View\View->render()
#7 C:\lamp\www\cens-2n\vendor\compiled.php(14126): Illuminate\Http\Response->setContent(Object(Illuminate\View\View))
#8 C:\lamp\www\cens-2n\vendor\compiled.php(7154): Symfony\Component\HttpFoundation\Response->__construct(Object(Illuminate\View\View))
#9 C:\lamp\www\cens-2n\vendor\compiled.php(6954): Illuminate\Routing\Router->prepareResponse(Object(Illuminate\Http\Request), Object(Illuminate\View\View))
#10 [internal function]: Illuminate\Routing\Router->Illuminate\Routing\{closure}(Object(Illuminate\Http\Request))
#11 C:\lamp\www\cens-2n\vendor\compiled.php(8952): call_user_func(Object(Closure), Object(Illuminate\Http\Request))
#12 [internal function]: Illuminate\Pipeline\Pipeline->Illuminate\Pipeline\{closure}(Object(Illuminate\Http\Request))
#13 C:\lamp\www\cens-2n\vendor\compiled.php(8935): call_user_func(Object(Closure), Object(Illuminate\Http\Request))
#14 C:\lamp\www\cens-2n\vendor\compiled.php(6955): Illuminate\Pipeline\Pipeline->then(Object(Closure))
#15 C:\lamp\www\cens-2n\vendor\compiled.php(6944): Illuminate\Routing\Router->runRouteWithinStack(Object(Illuminate\Routing\Route), Object(Illuminate\Http\Request))
#16 C:\lamp\www\cens-2n\vendor\compiled.php(6929): Illuminate\Routing\Router->dispatchToRoute(Object(Illuminate\Http\Request))
#17 C:\lamp\www\cens-2n\vendor\compiled.php(1935): Illuminate\Routing\Router->dispatch(Object(Illuminate\Http\Request))
#18 [internal function]: Illuminate\Foundation\Http\Kernel->Illuminate\Foundation\Http\{closure}(Object(Illuminate\Http\Request))
#19 C:\lamp\www\cens-2n\vendor\compiled.php(8952): call_user_func(Object(Closure), Object(Illuminate\Http\Request))
#20 C:\lamp\www\cens-2n\vendor\compiled.php(2438): Illuminate\Pipeline\Pipeline->Illuminate\Pipeline\{closure}(Object(Illuminate\Http\Request))
#21 C:\lamp\www\cens-2n\app\Http\Middleware\VerifyCsrfToken.php(17): Illuminate\Foundation\Http\Middleware\VerifyCsrfToken->handle(Object(Illuminate\Http\Request), Object(Closure))
#22 C:\lamp\www\cens-2n\vendor\compiled.php(8944): App\Http\Middleware\VerifyCsrfToken->handle(Object(Illuminate\Http\Request), Object(Closure))
#23 C:\lamp\www\cens-2n\vendor\compiled.php(12083): Illuminate\Pipeline\Pipeline->Illuminate\Pipeline\{closure}(Object(Illuminate\Http\Request))
#24 C:\lamp\www\cens-2n\vendor\compiled.php(8944): Illuminate\View\Middleware\ShareErrorsFromSession->handle(Object(Illuminate\Http\Request), Object(Closure))
#25 C:\lamp\www\cens-2n\vendor\compiled.php(10785): Illuminate\Pipeline\Pipeline->Illuminate\Pipeline\{closure}(Object(Illuminate\Http\Request))
#26 C:\lamp\www\cens-2n\vendor\compiled.php(8944): Illuminate\Session\Middleware\StartSession->handle(Object(Illuminate\Http\Request), Object(Closure))
#27 C:\lamp\www\cens-2n\vendor\compiled.php(11789): Illuminate\Pipeline\Pipeline->Illuminate\Pipeline\{closure}(Object(Illuminate\Http\Request))
#28 C:\lamp\www\cens-2n\vendor\compiled.php(8944): Illuminate\Cookie\Middleware\AddQueuedCookiesToResponse->handle(Object(Illuminate\Http\Request), Object(Closure))
#29 C:\lamp\www\cens-2n\vendor\compiled.php(11738): Illuminate\Pipeline\Pipeline->Illuminate\Pipeline\{closure}(Object(Illuminate\Http\Request))
#30 C:\lamp\www\cens-2n\vendor\compiled.php(8944): Illuminate\Cookie\Middleware\EncryptCookies->handle(Object(Illuminate\Http\Request), Object(Closure))
#31 C:\lamp\www\cens-2n\vendor\compiled.php(2478): Illuminate\Pipeline\Pipeline->Illuminate\Pipeline\{closure}(Object(Illuminate\Http\Request))
#32 C:\lamp\www\cens-2n\vendor\compiled.php(8944): Illuminate\Foundation\Http\Middleware\CheckForMaintenanceMode->handle(Object(Illuminate\Http\Request), Object(Closure))
#33 [internal function]: Illuminate\Pipeline\Pipeline->Illuminate\Pipeline\{closure}(Object(Illuminate\Http\Request))
#34 C:\lamp\www\cens-2n\vendor\compiled.php(8935): call_user_func(Object(Closure), Object(Illuminate\Http\Request))
#35 C:\lamp\www\cens-2n\vendor\compiled.php(1891): Illuminate\Pipeline\Pipeline->then(Object(Closure))
#36 C:\lamp\www\cens-2n\vendor\compiled.php(1880): Illuminate\Foundation\Http\Kernel->sendRequestThroughRouter(Object(Illuminate\Http\Request))
#37 C:\lamp\www\cens-2n\public\index.php(53): Illuminate\Foundation\Http\Kernel->handle(Object(Illuminate\Http\Request))
#38 {main}

Next exception 'ErrorException' with message 'Undefined variable: task (View: C:\lamp\www\cens-2n\resources\views\votants\edit.blade.php)' in C:\lamp\www\cens-2n\storage\framework\views\1a771f155aff3915eff876eceb31ec3e:3
Stack trace:
#0 C:\lamp\www\cens-2n\vendor\compiled.php(13652): Illuminate\View\Engines\CompilerEngine->handleViewException(Object(ErrorException), 1)
#1 C:\lamp\www\cens-2n\vendor\compiled.php(13683): Illuminate\View\Engines\PhpEngine->evaluatePath('C:\\lamp\\www\\cen...', Array)
#2 C:\lamp\www\cens-2n\vendor\compiled.php(13523): Illuminate\View\Engines\CompilerEngine->get('C:\\lamp\\www\\cen...', Array)
#3 C:\lamp\www\cens-2n\vendor\compiled.php(13510): Illuminate\View\View->getContents()
#4 C:\lamp\www\cens-2n\vendor\compiled.php(13501): Illuminate\View\View->renderContents()
#5 C:\lamp\www\cens-2n\vendor\compiled.php(14597): Illuminate\View\View->render()
#6 C:\lamp\www\cens-2n\vendor\compiled.php(14126): Illuminate\Http\Response->setContent(Object(Illuminate\View\View))
#7 C:\lamp\www\cens-2n\vendor\compiled.php(7154): Symfony\Component\HttpFoundation\Response->__construct(Object(Illuminate\View\View))
#8 C:\lamp\www\cens-2n\vendor\compiled.php(6954): Illuminate\Routing\Router->prepareResponse(Object(Illuminate\Http\Request), Object(Illuminate\View\View))
#9 [internal function]: Illuminate\Routing\Router->Illuminate\Routing\{closure}(Object(Illuminate\Http\Request))
#10 C:\lamp\www\cens-2n\vendor\compiled.php(8952): call_user_func(Object(Closure), Object(Illuminate\Http\Request))
#11 [internal function]: Illuminate\Pipeline\Pipeline->Illuminate\Pipeline\{closure}(Object(Illuminate\Http\Request))
#12 C:\lamp\www\cens-2n\vendor\compiled.php(8935): call_user_func(Object(Closure), Object(Illuminate\Http\Request))
#13 C:\lamp\www\cens-2n\vendor\compiled.php(6955): Illuminate\Pipeline\Pipeline->then(Object(Closure))
#14 C:\lamp\www\cens-2n\vendor\compiled.php(6944): Illuminate\Routing\Router->runRouteWithinStack(Object(Illuminate\Routing\Route), Object(Illuminate\Http\Request))
#15 C:\lamp\www\cens-2n\vendor\compiled.php(6929): Illuminate\Routing\Router->dispatchToRoute(Object(Illuminate\Http\Request))
#16 C:\lamp\www\cens-2n\vendor\compiled.php(1935): Illuminate\Routing\Router->dispatch(Object(Illuminate\Http\Request))
#17 [internal function]: Illuminate\Foundation\Http\Kernel->Illuminate\Foundation\Http\{closure}(Object(Illuminate\Http\Request))
#18 C:\lamp\www\cens-2n\vendor\compiled.php(8952): call_user_func(Object(Closure), Object(Illuminate\Http\Request))
#19 C:\lamp\www\cens-2n\vendor\compiled.php(2438): Illuminate\Pipeline\Pipeline->Illuminate\Pipeline\{closure}(Object(Illuminate\Http\Request))
#20 C:\lamp\www\cens-2n\app\Http\Middleware\VerifyCsrfToken.php(17): Illuminate\Foundation\Http\Middleware\VerifyCsrfToken->handle(Object(Illuminate\Http\Request), Object(Closure))
#21 C:\lamp\www\cens-2n\vendor\compiled.php(8944): App\Http\Middleware\VerifyCsrfToken->handle(Object(Illuminate\Http\Request), Object(Closure))
#22 C:\lamp\www\cens-2n\vendor\compiled.php(12083): Illuminate\Pipeline\Pipeline->Illuminate\Pipeline\{closure}(Object(Illuminate\Http\Request))
#23 C:\lamp\www\cens-2n\vendor\compiled.php(8944): Illuminate\View\Middleware\ShareErrorsFromSession->handle(Object(Illuminate\Http\Request), Object(Closure))
#24 C:\lamp\www\cens-2n\vendor\compiled.php(10785): Illuminate\Pipeline\Pipeline->Illuminate\Pipeline\{closure}(Object(Illuminate\Http\Request))
#25 C:\lamp\www\cens-2n\vendor\compiled.php(8944): Illuminate\Session\Middleware\StartSession->handle(Object(Illuminate\Http\Request), Object(Closure))
#26 C:\lamp\www\cens-2n\vendor\compiled.php(11789): Illuminate\Pipeline\Pipeline->Illuminate\Pipeline\{closure}(Object(Illuminate\Http\Request))
#27 C:\lamp\www\cens-2n\vendor\compiled.php(8944): Illuminate\Cookie\Middleware\AddQueuedCookiesToResponse->handle(Object(Illuminate\Http\Request), Object(Closure))
#28 C:\lamp\www\cens-2n\vendor\compiled.php(11738): Illuminate\Pipeline\Pipeline->Illuminate\Pipeline\{closure}(Object(Illuminate\Http\Request))
#29 C:\lamp\www\cens-2n\vendor\compiled.php(8944): Illuminate\Cookie\Middleware\EncryptCookies->handle(Object(Illuminate\Http\Request), Object(Closure))
#30 C:\lamp\www\cens-2n\vendor\compiled.php(2478): Illuminate\Pipeline\Pipeline->Illuminate\Pipeline\{closure}(Object(Illuminate\Http\Request))
#31 C:\lamp\www\cens-2n\vendor\compiled.php(8944): Illuminate\Foundation\Http\Middleware\CheckForMaintenanceMode->handle(Object(Illuminate\Http\Request), Object(Closure))
#32 [internal function]: Illuminate\Pipeline\Pipeline->Illuminate\Pipeline\{closure}(Object(Illuminate\Http\Request))
#33 C:\lamp\www\cens-2n\vendor\compiled.php(8935): call_user_func(Object(Closure), Object(Illuminate\Http\Request))
#34 C:\lamp\www\cens-2n\vendor\compiled.php(1891): Illuminate\Pipeline\Pipeline->then(Object(Closure))
#35 C:\lamp\www\cens-2n\vendor\compiled.php(1880): Illuminate\Foundation\Http\Kernel->sendRequestThroughRouter(Object(Illuminate\Http\Request))
#36 C:\lamp\www\cens-2n\public\index.php(53): Illuminate\Foundation\Http\Kernel->handle(Object(Illuminate\Http\Request))
#37 {main}  
[2015-04-22 14:42:44] production.ERROR: exception 'ErrorException' with message 'Undefined variable: votant' in C:\lamp\www\cens-2n\storage\framework\views\1a771f155aff3915eff876eceb31ec3e:3
Stack trace:
#0 C:\lamp\www\cens-2n\storage\framework\views\1a771f155aff3915eff876eceb31ec3e(3): Illuminate\Foundation\Bootstrap\HandleExceptions->handleError(8, 'Undefined varia...', 'C:\\lamp\\www\\cen...', 3, Array)
#1 C:\lamp\www\cens-2n\vendor\compiled.php(13650): include('C:\\lamp\\www\\cen...')
#2 C:\lamp\www\cens-2n\vendor\compiled.php(13683): Illuminate\View\Engines\PhpEngine->evaluatePath('C:\\lamp\\www\\cen...', Array)
#3 C:\lamp\www\cens-2n\vendor\compiled.php(13523): Illuminate\View\Engines\CompilerEngine->get('C:\\lamp\\www\\cen...', Array)
#4 C:\lamp\www\cens-2n\vendor\compiled.php(13510): Illuminate\View\View->getContents()
#5 C:\lamp\www\cens-2n\vendor\compiled.php(13501): Illuminate\View\View->renderContents()
#6 C:\lamp\www\cens-2n\vendor\compiled.php(14597): Illuminate\View\View->render()
#7 C:\lamp\www\cens-2n\vendor\compiled.php(14126): Illuminate\Http\Response->setContent(Object(Illuminate\View\View))
#8 C:\lamp\www\cens-2n\vendor\compiled.php(7154): Symfony\Component\HttpFoundation\Response->__construct(Object(Illuminate\View\View))
#9 C:\lamp\www\cens-2n\vendor\compiled.php(6954): Illuminate\Routing\Router->prepareResponse(Object(Illuminate\Http\Request), Object(Illuminate\View\View))
#10 [internal function]: Illuminate\Routing\Router->Illuminate\Routing\{closure}(Object(Illuminate\Http\Request))
#11 C:\lamp\www\cens-2n\vendor\compiled.php(8952): call_user_func(Object(Closure), Object(Illuminate\Http\Request))
#12 [internal function]: Illuminate\Pipeline\Pipeline->Illuminate\Pipeline\{closure}(Object(Illuminate\Http\Request))
#13 C:\lamp\www\cens-2n\vendor\compiled.php(8935): call_user_func(Object(Closure), Object(Illuminate\Http\Request))
#14 C:\lamp\www\cens-2n\vendor\compiled.php(6955): Illuminate\Pipeline\Pipeline->then(Object(Closure))
#15 C:\lamp\www\cens-2n\vendor\compiled.php(6944): Illuminate\Routing\Router->runRouteWithinStack(Object(Illuminate\Routing\Route), Object(Illuminate\Http\Request))
#16 C:\lamp\www\cens-2n\vendor\compiled.php(6929): Illuminate\Routing\Router->dispatchToRoute(Object(Illuminate\Http\Request))
#17 C:\lamp\www\cens-2n\vendor\compiled.php(1935): Illuminate\Routing\Router->dispatch(Object(Illuminate\Http\Request))
#18 [internal function]: Illuminate\Foundation\Http\Kernel->Illuminate\Foundation\Http\{closure}(Object(Illuminate\Http\Request))
#19 C:\lamp\www\cens-2n\vendor\compiled.php(8952): call_user_func(Object(Closure), Object(Illuminate\Http\Request))
#20 C:\lamp\www\cens-2n\vendor\compiled.php(2438): Illuminate\Pipeline\Pipeline->Illuminate\Pipeline\{closure}(Object(Illuminate\Http\Request))
#21 C:\lamp\www\cens-2n\app\Http\Middleware\VerifyCsrfToken.php(17): Illuminate\Foundation\Http\Middleware\VerifyCsrfToken->handle(Object(Illuminate\Http\Request), Object(Closure))
#22 C:\lamp\www\cens-2n\vendor\compiled.php(8944): App\Http\Middleware\VerifyCsrfToken->handle(Object(Illuminate\Http\Request), Object(Closure))
#23 C:\lamp\www\cens-2n\vendor\compiled.php(12083): Illuminate\Pipeline\Pipeline->Illuminate\Pipeline\{closure}(Object(Illuminate\Http\Request))
#24 C:\lamp\www\cens-2n\vendor\compiled.php(8944): Illuminate\View\Middleware\ShareErrorsFromSession->handle(Object(Illuminate\Http\Request), Object(Closure))
#25 C:\lamp\www\cens-2n\vendor\compiled.php(10785): Illuminate\Pipeline\Pipeline->Illuminate\Pipeline\{closure}(Object(Illuminate\Http\Request))
#26 C:\lamp\www\cens-2n\vendor\compiled.php(8944): Illuminate\Session\Middleware\StartSession->handle(Object(Illuminate\Http\Request), Object(Closure))
#27 C:\lamp\www\cens-2n\vendor\compiled.php(11789): Illuminate\Pipeline\Pipeline->Illuminate\Pipeline\{closure}(Object(Illuminate\Http\Request))
#28 C:\lamp\www\cens-2n\vendor\compiled.php(8944): Illuminate\Cookie\Middleware\AddQueuedCookiesToResponse->handle(Object(Illuminate\Http\Request), Object(Closure))
#29 C:\lamp\www\cens-2n\vendor\compiled.php(11738): Illuminate\Pipeline\Pipeline->Illuminate\Pipeline\{closure}(Object(Illuminate\Http\Request))
#30 C:\lamp\www\cens-2n\vendor\compiled.php(8944): Illuminate\Cookie\Middleware\EncryptCookies->handle(Object(Illuminate\Http\Request), Object(Closure))
#31 C:\lamp\www\cens-2n\vendor\compiled.php(2478): Illuminate\Pipeline\Pipeline->Illuminate\Pipeline\{closure}(Object(Illuminate\Http\Request))
#32 C:\lamp\www\cens-2n\vendor\compiled.php(8944): Illuminate\Foundation\Http\Middleware\CheckForMaintenanceMode->handle(Object(Illuminate\Http\Request), Object(Closure))
#33 [internal function]: Illuminate\Pipeline\Pipeline->Illuminate\Pipeline\{closure}(Object(Illuminate\Http\Request))
#34 C:\lamp\www\cens-2n\vendor\compiled.php(8935): call_user_func(Object(Closure), Object(Illuminate\Http\Request))
#35 C:\lamp\www\cens-2n\vendor\compiled.php(1891): Illuminate\Pipeline\Pipeline->then(Object(Closure))
#36 C:\lamp\www\cens-2n\vendor\compiled.php(1880): Illuminate\Foundation\Http\Kernel->sendRequestThroughRouter(Object(Illuminate\Http\Request))
#37 C:\lamp\www\cens-2n\public\index.php(53): Illuminate\Foundation\Http\Kernel->handle(Object(Illuminate\Http\Request))
#38 {main}

Next exception 'ErrorException' with message 'Undefined variable: votant (View: C:\lamp\www\cens-2n\resources\views\votants\edit.blade.php)' in C:\lamp\www\cens-2n\storage\framework\views\1a771f155aff3915eff876eceb31ec3e:3
Stack trace:
#0 C:\lamp\www\cens-2n\vendor\compiled.php(13652): Illuminate\View\Engines\CompilerEngine->handleViewException(Object(ErrorException), 1)
#1 C:\lamp\www\cens-2n\vendor\compiled.php(13683): Illuminate\View\Engines\PhpEngine->evaluatePath('C:\\lamp\\www\\cen...', Array)
#2 C:\lamp\www\cens-2n\vendor\compiled.php(13523): Illuminate\View\Engines\CompilerEngine->get('C:\\lamp\\www\\cen...', Array)
#3 C:\lamp\www\cens-2n\vendor\compiled.php(13510): Illuminate\View\View->getContents()
#4 C:\lamp\www\cens-2n\vendor\compiled.php(13501): Illuminate\View\View->renderContents()
#5 C:\lamp\www\cens-2n\vendor\compiled.php(14597): Illuminate\View\View->render()
#6 C:\lamp\www\cens-2n\vendor\compiled.php(14126): Illuminate\Http\Response->setContent(Object(Illuminate\View\View))
#7 C:\lamp\www\cens-2n\vendor\compiled.php(7154): Symfony\Component\HttpFoundation\Response->__construct(Object(Illuminate\View\View))
#8 C:\lamp\www\cens-2n\vendor\compiled.php(6954): Illuminate\Routing\Router->prepareResponse(Object(Illuminate\Http\Request), Object(Illuminate\View\View))
#9 [internal function]: Illuminate\Routing\Router->Illuminate\Routing\{closure}(Object(Illuminate\Http\Request))
#10 C:\lamp\www\cens-2n\vendor\compiled.php(8952): call_user_func(Object(Closure), Object(Illuminate\Http\Request))
#11 [internal function]: Illuminate\Pipeline\Pipeline->Illuminate\Pipeline\{closure}(Object(Illuminate\Http\Request))
#12 C:\lamp\www\cens-2n\vendor\compiled.php(8935): call_user_func(Object(Closure), Object(Illuminate\Http\Request))
#13 C:\lamp\www\cens-2n\vendor\compiled.php(6955): Illuminate\Pipeline\Pipeline->then(Object(Closure))
#14 C:\lamp\www\cens-2n\vendor\compiled.php(6944): Illuminate\Routing\Router->runRouteWithinStack(Object(Illuminate\Routing\Route), Object(Illuminate\Http\Request))
#15 C:\lamp\www\cens-2n\vendor\compiled.php(6929): Illuminate\Routing\Router->dispatchToRoute(Object(Illuminate\Http\Request))
#16 C:\lamp\www\cens-2n\vendor\compiled.php(1935): Illuminate\Routing\Router->dispatch(Object(Illuminate\Http\Request))
#17 [internal function]: Illuminate\Foundation\Http\Kernel->Illuminate\Foundation\Http\{closure}(Object(Illuminate\Http\Request))
#18 C:\lamp\www\cens-2n\vendor\compiled.php(8952): call_user_func(Object(Closure), Object(Illuminate\Http\Request))
#19 C:\lamp\www\cens-2n\vendor\compiled.php(2438): Illuminate\Pipeline\Pipeline->Illuminate\Pipeline\{closure}(Object(Illuminate\Http\Request))
#20 C:\lamp\www\cens-2n\app\Http\Middleware\VerifyCsrfToken.php(17): Illuminate\Foundation\Http\Middleware\VerifyCsrfToken->handle(Object(Illuminate\Http\Request), Object(Closure))
#21 C:\lamp\www\cens-2n\vendor\compiled.php(8944): App\Http\Middleware\VerifyCsrfToken->handle(Object(Illuminate\Http\Request), Object(Closure))
#22 C:\lamp\www\cens-2n\vendor\compiled.php(12083): Illuminate\Pipeline\Pipeline->Illuminate\Pipeline\{closure}(Object(Illuminate\Http\Request))
#23 C:\lamp\www\cens-2n\vendor\compiled.php(8944): Illuminate\View\Middleware\ShareErrorsFromSession->handle(Object(Illuminate\Http\Request), Object(Closure))
#24 C:\lamp\www\cens-2n\vendor\compiled.php(10785): Illuminate\Pipeline\Pipeline->Illuminate\Pipeline\{closure}(Object(Illuminate\Http\Request))
#25 C:\lamp\www\cens-2n\vendor\compiled.php(8944): Illuminate\Session\Middleware\StartSession->handle(Object(Illuminate\Http\Request), Object(Closure))
#26 C:\lamp\www\cens-2n\vendor\compiled.php(11789): Illuminate\Pipeline\Pipeline->Illuminate\Pipeline\{closure}(Object(Illuminate\Http\Request))
#27 C:\lamp\www\cens-2n\vendor\compiled.php(8944): Illuminate\Cookie\Middleware\AddQueuedCookiesToResponse->handle(Object(Illuminate\Http\Request), Object(Closure))
#28 C:\lamp\www\cens-2n\vendor\compiled.php(11738): Illuminate\Pipeline\Pipeline->Illuminate\Pipeline\{closure}(Object(Illuminate\Http\Request))
#29 C:\lamp\www\cens-2n\vendor\compiled.php(8944): Illuminate\Cookie\Middleware\EncryptCookies->handle(Object(Illuminate\Http\Request), Object(Closure))
#30 C:\lamp\www\cens-2n\vendor\compiled.php(2478): Illuminate\Pipeline\Pipeline->Illuminate\Pipeline\{closure}(Object(Illuminate\Http\Request))
#31 C:\lamp\www\cens-2n\vendor\compiled.php(8944): Illuminate\Foundation\Http\Middleware\CheckForMaintenanceMode->handle(Object(Illuminate\Http\Request), Object(Closure))
#32 [internal function]: Illuminate\Pipeline\Pipeline->Illuminate\Pipeline\{closure}(Object(Illuminate\Http\Request))
#33 C:\lamp\www\cens-2n\vendor\compiled.php(8935): call_user_func(Object(Closure), Object(Illuminate\Http\Request))
#34 C:\lamp\www\cens-2n\vendor\compiled.php(1891): Illuminate\Pipeline\Pipeline->then(Object(Closure))
#35 C:\lamp\www\cens-2n\vendor\compiled.php(1880): Illuminate\Foundation\Http\Kernel->sendRequestThroughRouter(Object(Illuminate\Http\Request))
#36 C:\lamp\www\cens-2n\public\index.php(53): Illuminate\Foundation\Http\Kernel->handle(Object(Illuminate\Http\Request))
#37 {main}  
[2015-04-22 14:42:49] production.ERROR: exception 'ErrorException' with message 'Undefined variable: votant' in C:\lamp\www\cens-2n\storage\framework\views\1a771f155aff3915eff876eceb31ec3e:3
Stack trace:
#0 C:\lamp\www\cens-2n\storage\framework\views\1a771f155aff3915eff876eceb31ec3e(3): Illuminate\Foundation\Bootstrap\HandleExceptions->handleError(8, 'Undefined varia...', 'C:\\lamp\\www\\cen...', 3, Array)
#1 C:\lamp\www\cens-2n\vendor\compiled.php(13650): include('C:\\lamp\\www\\cen...')
#2 C:\lamp\www\cens-2n\vendor\compiled.php(13683): Illuminate\View\Engines\PhpEngine->evaluatePath('C:\\lamp\\www\\cen...', Array)
#3 C:\lamp\www\cens-2n\vendor\compiled.php(13523): Illuminate\View\Engines\CompilerEngine->get('C:\\lamp\\www\\cen...', Array)
#4 C:\lamp\www\cens-2n\vendor\compiled.php(13510): Illuminate\View\View->getContents()
#5 C:\lamp\www\cens-2n\vendor\compiled.php(13501): Illuminate\View\View->renderContents()
#6 C:\lamp\www\cens-2n\vendor\compiled.php(14597): Illuminate\View\View->render()
#7 C:\lamp\www\cens-2n\vendor\compiled.php(14126): Illuminate\Http\Response->setContent(Object(Illuminate\View\View))
#8 C:\lamp\www\cens-2n\vendor\compiled.php(7154): Symfony\Component\HttpFoundation\Response->__construct(Object(Illuminate\View\View))
#9 C:\lamp\www\cens-2n\vendor\compiled.php(6954): Illuminate\Routing\Router->prepareResponse(Object(Illuminate\Http\Request), Object(Illuminate\View\View))
#10 [internal function]: Illuminate\Routing\Router->Illuminate\Routing\{closure}(Object(Illuminate\Http\Request))
#11 C:\lamp\www\cens-2n\vendor\compiled.php(8952): call_user_func(Object(Closure), Object(Illuminate\Http\Request))
#12 [internal function]: Illuminate\Pipeline\Pipeline->Illuminate\Pipeline\{closure}(Object(Illuminate\Http\Request))
#13 C:\lamp\www\cens-2n\vendor\compiled.php(8935): call_user_func(Object(Closure), Object(Illuminate\Http\Request))
#14 C:\lamp\www\cens-2n\vendor\compiled.php(6955): Illuminate\Pipeline\Pipeline->then(Object(Closure))
#15 C:\lamp\www\cens-2n\vendor\compiled.php(6944): Illuminate\Routing\Router->runRouteWithinStack(Object(Illuminate\Routing\Route), Object(Illuminate\Http\Request))
#16 C:\lamp\www\cens-2n\vendor\compiled.php(6929): Illuminate\Routing\Router->dispatchToRoute(Object(Illuminate\Http\Request))
#17 C:\lamp\www\cens-2n\vendor\compiled.php(1935): Illuminate\Routing\Router->dispatch(Object(Illuminate\Http\Request))
#18 [internal function]: Illuminate\Foundation\Http\Kernel->Illuminate\Foundation\Http\{closure}(Object(Illuminate\Http\Request))
#19 C:\lamp\www\cens-2n\vendor\compiled.php(8952): call_user_func(Object(Closure), Object(Illuminate\Http\Request))
#20 C:\lamp\www\cens-2n\vendor\compiled.php(2438): Illuminate\Pipeline\Pipeline->Illuminate\Pipeline\{closure}(Object(Illuminate\Http\Request))
#21 C:\lamp\www\cens-2n\app\Http\Middleware\VerifyCsrfToken.php(17): Illuminate\Foundation\Http\Middleware\VerifyCsrfToken->handle(Object(Illuminate\Http\Request), Object(Closure))
#22 C:\lamp\www\cens-2n\vendor\compiled.php(8944): App\Http\Middleware\VerifyCsrfToken->handle(Object(Illuminate\Http\Request), Object(Closure))
#23 C:\lamp\www\cens-2n\vendor\compiled.php(12083): Illuminate\Pipeline\Pipeline->Illuminate\Pipeline\{closure}(Object(Illuminate\Http\Request))
#24 C:\lamp\www\cens-2n\vendor\compiled.php(8944): Illuminate\View\Middleware\ShareErrorsFromSession->handle(Object(Illuminate\Http\Request), Object(Closure))
#25 C:\lamp\www\cens-2n\vendor\compiled.php(10785): Illuminate\Pipeline\Pipeline->Illuminate\Pipeline\{closure}(Object(Illuminate\Http\Request))
#26 C:\lamp\www\cens-2n\vendor\compiled.php(8944): Illuminate\Session\Middleware\StartSession->handle(Object(Illuminate\Http\Request), Object(Closure))
#27 C:\lamp\www\cens-2n\vendor\compiled.php(11789): Illuminate\Pipeline\Pipeline->Illuminate\Pipeline\{closure}(Object(Illuminate\Http\Request))
#28 C:\lamp\www\cens-2n\vendor\compiled.php(8944): Illuminate\Cookie\Middleware\AddQueuedCookiesToResponse->handle(Object(Illuminate\Http\Request), Object(Closure))
#29 C:\lamp\www\cens-2n\vendor\compiled.php(11738): Illuminate\Pipeline\Pipeline->Illuminate\Pipeline\{closure}(Object(Illuminate\Http\Request))
#30 C:\lamp\www\cens-2n\vendor\compiled.php(8944): Illuminate\Cookie\Middleware\EncryptCookies->handle(Object(Illuminate\Http\Request), Object(Closure))
#31 C:\lamp\www\cens-2n\vendor\compiled.php(2478): Illuminate\Pipeline\Pipeline->Illuminate\Pipeline\{closure}(Object(Illuminate\Http\Request))
#32 C:\lamp\www\cens-2n\vendor\compiled.php(8944): Illuminate\Foundation\Http\Middleware\CheckForMaintenanceMode->handle(Object(Illuminate\Http\Request), Object(Closure))
#33 [internal function]: Illuminate\Pipeline\Pipeline->Illuminate\Pipeline\{closure}(Object(Illuminate\Http\Request))
#34 C:\lamp\www\cens-2n\vendor\compiled.php(8935): call_user_func(Object(Closure), Object(Illuminate\Http\Request))
#35 C:\lamp\www\cens-2n\vendor\compiled.php(1891): Illuminate\Pipeline\Pipeline->then(Object(Closure))
#36 C:\lamp\www\cens-2n\vendor\compiled.php(1880): Illuminate\Foundation\Http\Kernel->sendRequestThroughRouter(Object(Illuminate\Http\Request))
#37 C:\lamp\www\cens-2n\public\index.php(53): Illuminate\Foundation\Http\Kernel->handle(Object(Illuminate\Http\Request))
#38 {main}

Next exception 'ErrorException' with message 'Undefined variable: votant (View: C:\lamp\www\cens-2n\resources\views\votants\edit.blade.php)' in C:\lamp\www\cens-2n\storage\framework\views\1a771f155aff3915eff876eceb31ec3e:3
Stack trace:
#0 C:\lamp\www\cens-2n\vendor\compiled.php(13652): Illuminate\View\Engines\CompilerEngine->handleViewException(Object(ErrorException), 1)
#1 C:\lamp\www\cens-2n\vendor\compiled.php(13683): Illuminate\View\Engines\PhpEngine->evaluatePath('C:\\lamp\\www\\cen...', Array)
#2 C:\lamp\www\cens-2n\vendor\compiled.php(13523): Illuminate\View\Engines\CompilerEngine->get('C:\\lamp\\www\\cen...', Array)
#3 C:\lamp\www\cens-2n\vendor\compiled.php(13510): Illuminate\View\View->getContents()
#4 C:\lamp\www\cens-2n\vendor\compiled.php(13501): Illuminate\View\View->renderContents()
#5 C:\lamp\www\cens-2n\vendor\compiled.php(14597): Illuminate\View\View->render()
#6 C:\lamp\www\cens-2n\vendor\compiled.php(14126): Illuminate\Http\Response->setContent(Object(Illuminate\View\View))
#7 C:\lamp\www\cens-2n\vendor\compiled.php(7154): Symfony\Component\HttpFoundation\Response->__construct(Object(Illuminate\View\View))
#8 C:\lamp\www\cens-2n\vendor\compiled.php(6954): Illuminate\Routing\Router->prepareResponse(Object(Illuminate\Http\Request), Object(Illuminate\View\View))
#9 [internal function]: Illuminate\Routing\Router->Illuminate\Routing\{closure}(Object(Illuminate\Http\Request))
#10 C:\lamp\www\cens-2n\vendor\compiled.php(8952): call_user_func(Object(Closure), Object(Illuminate\Http\Request))
#11 [internal function]: Illuminate\Pipeline\Pipeline->Illuminate\Pipeline\{closure}(Object(Illuminate\Http\Request))
#12 C:\lamp\www\cens-2n\vendor\compiled.php(8935): call_user_func(Object(Closure), Object(Illuminate\Http\Request))
#13 C:\lamp\www\cens-2n\vendor\compiled.php(6955): Illuminate\Pipeline\Pipeline->then(Object(Closure))
#14 C:\lamp\www\cens-2n\vendor\compiled.php(6944): Illuminate\Routing\Router->runRouteWithinStack(Object(Illuminate\Routing\Route), Object(Illuminate\Http\Request))
#15 C:\lamp\www\cens-2n\vendor\compiled.php(6929): Illuminate\Routing\Router->dispatchToRoute(Object(Illuminate\Http\Request))
#16 C:\lamp\www\cens-2n\vendor\compiled.php(1935): Illuminate\Routing\Router->dispatch(Object(Illuminate\Http\Request))
#17 [internal function]: Illuminate\Foundation\Http\Kernel->Illuminate\Foundation\Http\{closure}(Object(Illuminate\Http\Request))
#18 C:\lamp\www\cens-2n\vendor\compiled.php(8952): call_user_func(Object(Closure), Object(Illuminate\Http\Request))
#19 C:\lamp\www\cens-2n\vendor\compiled.php(2438): Illuminate\Pipeline\Pipeline->Illuminate\Pipeline\{closure}(Object(Illuminate\Http\Request))
#20 C:\lamp\www\cens-2n\app\Http\Middleware\VerifyCsrfToken.php(17): Illuminate\Foundation\Http\Middleware\VerifyCsrfToken->handle(Object(Illuminate\Http\Request), Object(Closure))
#21 C:\lamp\www\cens-2n\vendor\compiled.php(8944): App\Http\Middleware\VerifyCsrfToken->handle(Object(Illuminate\Http\Request), Object(Closure))
#22 C:\lamp\www\cens-2n\vendor\compiled.php(12083): Illuminate\Pipeline\Pipeline->Illuminate\Pipeline\{closure}(Object(Illuminate\Http\Request))
#23 C:\lamp\www\cens-2n\vendor\compiled.php(8944): Illuminate\View\Middleware\ShareErrorsFromSession->handle(Object(Illuminate\Http\Request), Object(Closure))
#24 C:\lamp\www\cens-2n\vendor\compiled.php(10785): Illuminate\Pipeline\Pipeline->Illuminate\Pipeline\{closure}(Object(Illuminate\Http\Request))
#25 C:\lamp\www\cens-2n\vendor\compiled.php(8944): Illuminate\Session\Middleware\StartSession->handle(Object(Illuminate\Http\Request), Object(Closure))
#26 C:\lamp\www\cens-2n\vendor\compiled.php(11789): Illuminate\Pipeline\Pipeline->Illuminate\Pipeline\{closure}(Object(Illuminate\Http\Request))
#27 C:\lamp\www\cens-2n\vendor\compiled.php(8944): Illuminate\Cookie\Middleware\AddQueuedCookiesToResponse->handle(Object(Illuminate\Http\Request), Object(Closure))
#28 C:\lamp\www\cens-2n\vendor\compiled.php(11738): Illuminate\Pipeline\Pipeline->Illuminate\Pipeline\{closure}(Object(Illuminate\Http\Request))
#29 C:\lamp\www\cens-2n\vendor\compiled.php(8944): Illuminate\Cookie\Middleware\EncryptCookies->handle(Object(Illuminate\Http\Request), Object(Closure))
#30 C:\lamp\www\cens-2n\vendor\compiled.php(2478): Illuminate\Pipeline\Pipeline->Illuminate\Pipeline\{closure}(Object(Illuminate\Http\Request))
#31 C:\lamp\www\cens-2n\vendor\compiled.php(8944): Illuminate\Foundation\Http\Middleware\CheckForMaintenanceMode->handle(Object(Illuminate\Http\Request), Object(Closure))
#32 [internal function]: Illuminate\Pipeline\Pipeline->Illuminate\Pipeline\{closure}(Object(Illuminate\Http\Request))
#33 C:\lamp\www\cens-2n\vendor\compiled.php(8935): call_user_func(Object(Closure), Object(Illuminate\Http\Request))
#34 C:\lamp\www\cens-2n\vendor\compiled.php(1891): Illuminate\Pipeline\Pipeline->then(Object(Closure))
#35 C:\lamp\www\cens-2n\vendor\compiled.php(1880): Illuminate\Foundation\Http\Kernel->sendRequestThroughRouter(Object(Illuminate\Http\Request))
#36 C:\lamp\www\cens-2n\public\index.php(53): Illuminate\Foundation\Http\Kernel->handle(Object(Illuminate\Http\Request))
#37 {main}  
[2015-04-22 14:43:42] production.ERROR: exception 'ErrorException' with message 'Undefined variable: project' in C:\lamp\www\cens-2n\storage\framework\views\1a771f155aff3915eff876eceb31ec3e:5
Stack trace:
#0 C:\lamp\www\cens-2n\storage\framework\views\1a771f155aff3915eff876eceb31ec3e(5): Illuminate\Foundation\Bootstrap\HandleExceptions->handleError(8, 'Undefined varia...', 'C:\\lamp\\www\\cen...', 5, Array)
#1 C:\lamp\www\cens-2n\vendor\compiled.php(13650): include('C:\\lamp\\www\\cen...')
#2 C:\lamp\www\cens-2n\vendor\compiled.php(13683): Illuminate\View\Engines\PhpEngine->evaluatePath('C:\\lamp\\www\\cen...', Array)
#3 C:\lamp\www\cens-2n\vendor\compiled.php(13523): Illuminate\View\Engines\CompilerEngine->get('C:\\lamp\\www\\cen...', Array)
#4 C:\lamp\www\cens-2n\vendor\compiled.php(13510): Illuminate\View\View->getContents()
#5 C:\lamp\www\cens-2n\vendor\compiled.php(13501): Illuminate\View\View->renderContents()
#6 C:\lamp\www\cens-2n\vendor\compiled.php(14597): Illuminate\View\View->render()
#7 C:\lamp\www\cens-2n\vendor\compiled.php(14126): Illuminate\Http\Response->setContent(Object(Illuminate\View\View))
#8 C:\lamp\www\cens-2n\vendor\compiled.php(7154): Symfony\Component\HttpFoundation\Response->__construct(Object(Illuminate\View\View))
#9 C:\lamp\www\cens-2n\vendor\compiled.php(6954): Illuminate\Routing\Router->prepareResponse(Object(Illuminate\Http\Request), Object(Illuminate\View\View))
#10 [internal function]: Illuminate\Routing\Router->Illuminate\Routing\{closure}(Object(Illuminate\Http\Request))
#11 C:\lamp\www\cens-2n\vendor\compiled.php(8952): call_user_func(Object(Closure), Object(Illuminate\Http\Request))
#12 [internal function]: Illuminate\Pipeline\Pipeline->Illuminate\Pipeline\{closure}(Object(Illuminate\Http\Request))
#13 C:\lamp\www\cens-2n\vendor\compiled.php(8935): call_user_func(Object(Closure), Object(Illuminate\Http\Request))
#14 C:\lamp\www\cens-2n\vendor\compiled.php(6955): Illuminate\Pipeline\Pipeline->then(Object(Closure))
#15 C:\lamp\www\cens-2n\vendor\compiled.php(6944): Illuminate\Routing\Router->runRouteWithinStack(Object(Illuminate\Routing\Route), Object(Illuminate\Http\Request))
#16 C:\lamp\www\cens-2n\vendor\compiled.php(6929): Illuminate\Routing\Router->dispatchToRoute(Object(Illuminate\Http\Request))
#17 C:\lamp\www\cens-2n\vendor\compiled.php(1935): Illuminate\Routing\Router->dispatch(Object(Illuminate\Http\Request))
#18 [internal function]: Illuminate\Foundation\Http\Kernel->Illuminate\Foundation\Http\{closure}(Object(Illuminate\Http\Request))
#19 C:\lamp\www\cens-2n\vendor\compiled.php(8952): call_user_func(Object(Closure), Object(Illuminate\Http\Request))
#20 C:\lamp\www\cens-2n\vendor\compiled.php(2438): Illuminate\Pipeline\Pipeline->Illuminate\Pipeline\{closure}(Object(Illuminate\Http\Request))
#21 C:\lamp\www\cens-2n\app\Http\Middleware\VerifyCsrfToken.php(17): Illuminate\Foundation\Http\Middleware\VerifyCsrfToken->handle(Object(Illuminate\Http\Request), Object(Closure))
#22 C:\lamp\www\cens-2n\vendor\compiled.php(8944): App\Http\Middleware\VerifyCsrfToken->handle(Object(Illuminate\Http\Request), Object(Closure))
#23 C:\lamp\www\cens-2n\vendor\compiled.php(12083): Illuminate\Pipeline\Pipeline->Illuminate\Pipeline\{closure}(Object(Illuminate\Http\Request))
#24 C:\lamp\www\cens-2n\vendor\compiled.php(8944): Illuminate\View\Middleware\ShareErrorsFromSession->handle(Object(Illuminate\Http\Request), Object(Closure))
#25 C:\lamp\www\cens-2n\vendor\compiled.php(10785): Illuminate\Pipeline\Pipeline->Illuminate\Pipeline\{closure}(Object(Illuminate\Http\Request))
#26 C:\lamp\www\cens-2n\vendor\compiled.php(8944): Illuminate\Session\Middleware\StartSession->handle(Object(Illuminate\Http\Request), Object(Closure))
#27 C:\lamp\www\cens-2n\vendor\compiled.php(11789): Illuminate\Pipeline\Pipeline->Illuminate\Pipeline\{closure}(Object(Illuminate\Http\Request))
#28 C:\lamp\www\cens-2n\vendor\compiled.php(8944): Illuminate\Cookie\Middleware\AddQueuedCookiesToResponse->handle(Object(Illuminate\Http\Request), Object(Closure))
#29 C:\lamp\www\cens-2n\vendor\compiled.php(11738): Illuminate\Pipeline\Pipeline->Illuminate\Pipeline\{closure}(Object(Illuminate\Http\Request))
#30 C:\lamp\www\cens-2n\vendor\compiled.php(8944): Illuminate\Cookie\Middleware\EncryptCookies->handle(Object(Illuminate\Http\Request), Object(Closure))
#31 C:\lamp\www\cens-2n\vendor\compiled.php(2478): Illuminate\Pipeline\Pipeline->Illuminate\Pipeline\{closure}(Object(Illuminate\Http\Request))
#32 C:\lamp\www\cens-2n\vendor\compiled.php(8944): Illuminate\Foundation\Http\Middleware\CheckForMaintenanceMode->handle(Object(Illuminate\Http\Request), Object(Closure))
#33 [internal function]: Illuminate\Pipeline\Pipeline->Illuminate\Pipeline\{closure}(Object(Illuminate\Http\Request))
#34 C:\lamp\www\cens-2n\vendor\compiled.php(8935): call_user_func(Object(Closure), Object(Illuminate\Http\Request))
#35 C:\lamp\www\cens-2n\vendor\compiled.php(1891): Illuminate\Pipeline\Pipeline->then(Object(Closure))
#36 C:\lamp\www\cens-2n\vendor\compiled.php(1880): Illuminate\Foundation\Http\Kernel->sendRequestThroughRouter(Object(Illuminate\Http\Request))
#37 C:\lamp\www\cens-2n\public\index.php(53): Illuminate\Foundation\Http\Kernel->handle(Object(Illuminate\Http\Request))
#38 {main}

Next exception 'ErrorException' with message 'Undefined variable: project (View: C:\lamp\www\cens-2n\resources\views\votants\edit.blade.php)' in C:\lamp\www\cens-2n\storage\framework\views\1a771f155aff3915eff876eceb31ec3e:5
Stack trace:
#0 C:\lamp\www\cens-2n\vendor\compiled.php(13652): Illuminate\View\Engines\CompilerEngine->handleViewException(Object(ErrorException), 1)
#1 C:\lamp\www\cens-2n\vendor\compiled.php(13683): Illuminate\View\Engines\PhpEngine->evaluatePath('C:\\lamp\\www\\cen...', Array)
#2 C:\lamp\www\cens-2n\vendor\compiled.php(13523): Illuminate\View\Engines\CompilerEngine->get('C:\\lamp\\www\\cen...', Array)
#3 C:\lamp\www\cens-2n\vendor\compiled.php(13510): Illuminate\View\View->getContents()
#4 C:\lamp\www\cens-2n\vendor\compiled.php(13501): Illuminate\View\View->renderContents()
#5 C:\lamp\www\cens-2n\vendor\compiled.php(14597): Illuminate\View\View->render()
#6 C:\lamp\www\cens-2n\vendor\compiled.php(14126): Illuminate\Http\Response->setContent(Object(Illuminate\View\View))
#7 C:\lamp\www\cens-2n\vendor\compiled.php(7154): Symfony\Component\HttpFoundation\Response->__construct(Object(Illuminate\View\View))
#8 C:\lamp\www\cens-2n\vendor\compiled.php(6954): Illuminate\Routing\Router->prepareResponse(Object(Illuminate\Http\Request), Object(Illuminate\View\View))
#9 [internal function]: Illuminate\Routing\Router->Illuminate\Routing\{closure}(Object(Illuminate\Http\Request))
#10 C:\lamp\www\cens-2n\vendor\compiled.php(8952): call_user_func(Object(Closure), Object(Illuminate\Http\Request))
#11 [internal function]: Illuminate\Pipeline\Pipeline->Illuminate\Pipeline\{closure}(Object(Illuminate\Http\Request))
#12 C:\lamp\www\cens-2n\vendor\compiled.php(8935): call_user_func(Object(Closure), Object(Illuminate\Http\Request))
#13 C:\lamp\www\cens-2n\vendor\compiled.php(6955): Illuminate\Pipeline\Pipeline->then(Object(Closure))
#14 C:\lamp\www\cens-2n\vendor\compiled.php(6944): Illuminate\Routing\Router->runRouteWithinStack(Object(Illuminate\Routing\Route), Object(Illuminate\Http\Request))
#15 C:\lamp\www\cens-2n\vendor\compiled.php(6929): Illuminate\Routing\Router->dispatchToRoute(Object(Illuminate\Http\Request))
#16 C:\lamp\www\cens-2n\vendor\compiled.php(1935): Illuminate\Routing\Router->dispatch(Object(Illuminate\Http\Request))
#17 [internal function]: Illuminate\Foundation\Http\Kernel->Illuminate\Foundation\Http\{closure}(Object(Illuminate\Http\Request))
#18 C:\lamp\www\cens-2n\vendor\compiled.php(8952): call_user_func(Object(Closure), Object(Illuminate\Http\Request))
#19 C:\lamp\www\cens-2n\vendor\compiled.php(2438): Illuminate\Pipeline\Pipeline->Illuminate\Pipeline\{closure}(Object(Illuminate\Http\Request))
#20 C:\lamp\www\cens-2n\app\Http\Middleware\VerifyCsrfToken.php(17): Illuminate\Foundation\Http\Middleware\VerifyCsrfToken->handle(Object(Illuminate\Http\Request), Object(Closure))
#21 C:\lamp\www\cens-2n\vendor\compiled.php(8944): App\Http\Middleware\VerifyCsrfToken->handle(Object(Illuminate\Http\Request), Object(Closure))
#22 C:\lamp\www\cens-2n\vendor\compiled.php(12083): Illuminate\Pipeline\Pipeline->Illuminate\Pipeline\{closure}(Object(Illuminate\Http\Request))
#23 C:\lamp\www\cens-2n\vendor\compiled.php(8944): Illuminate\View\Middleware\ShareErrorsFromSession->handle(Object(Illuminate\Http\Request), Object(Closure))
#24 C:\lamp\www\cens-2n\vendor\compiled.php(10785): Illuminate\Pipeline\Pipeline->Illuminate\Pipeline\{closure}(Object(Illuminate\Http\Request))
#25 C:\lamp\www\cens-2n\vendor\compiled.php(8944): Illuminate\Session\Middleware\StartSession->handle(Object(Illuminate\Http\Request), Object(Closure))
#26 C:\lamp\www\cens-2n\vendor\compiled.php(11789): Illuminate\Pipeline\Pipeline->Illuminate\Pipeline\{closure}(Object(Illuminate\Http\Request))
#27 C:\lamp\www\cens-2n\vendor\compiled.php(8944): Illuminate\Cookie\Middleware\AddQueuedCookiesToResponse->handle(Object(Illuminate\Http\Request), Object(Closure))
#28 C:\lamp\www\cens-2n\vendor\compiled.php(11738): Illuminate\Pipeline\Pipeline->Illuminate\Pipeline\{closure}(Object(Illuminate\Http\Request))
#29 C:\lamp\www\cens-2n\vendor\compiled.php(8944): Illuminate\Cookie\Middleware\EncryptCookies->handle(Object(Illuminate\Http\Request), Object(Closure))
#30 C:\lamp\www\cens-2n\vendor\compiled.php(2478): Illuminate\Pipeline\Pipeline->Illuminate\Pipeline\{closure}(Object(Illuminate\Http\Request))
#31 C:\lamp\www\cens-2n\vendor\compiled.php(8944): Illuminate\Foundation\Http\Middleware\CheckForMaintenanceMode->handle(Object(Illuminate\Http\Request), Object(Closure))
#32 [internal function]: Illuminate\Pipeline\Pipeline->Illuminate\Pipeline\{closure}(Object(Illuminate\Http\Request))
#33 C:\lamp\www\cens-2n\vendor\compiled.php(8935): call_user_func(Object(Closure), Object(Illuminate\Http\Request))
#34 C:\lamp\www\cens-2n\vendor\compiled.php(1891): Illuminate\Pipeline\Pipeline->then(Object(Closure))
#35 C:\lamp\www\cens-2n\vendor\compiled.php(1880): Illuminate\Foundation\Http\Kernel->sendRequestThroughRouter(Object(Illuminate\Http\Request))
#36 C:\lamp\www\cens-2n\public\index.php(53): Illuminate\Foundation\Http\Kernel->handle(Object(Illuminate\Http\Request))
#37 {main}  
[2015-04-22 15:33:04] production.ERROR: exception 'ErrorException' with message 'Undefined variable: task' in C:\lamp\www\cens-2n\app\Http\Controllers\VotantsController.php:76
Stack trace:
#0 C:\lamp\www\cens-2n\app\Http\Controllers\VotantsController.php(76): Illuminate\Foundation\Bootstrap\HandleExceptions->handleError(8, 'Undefined varia...', 'C:\\lamp\\www\\cen...', 76, Array)
#1 [internal function]: App\Http\Controllers\VotantsController->update(Object(App\Poblacion), Object(App\Votant))
#2 C:\lamp\www\cens-2n\vendor\compiled.php(8287): call_user_func_array(Array, Array)
#3 C:\lamp\www\cens-2n\vendor\compiled.php(8354): Illuminate\Routing\Controller->callAction('update', Array)
#4 C:\lamp\www\cens-2n\vendor\compiled.php(8333): Illuminate\Routing\ControllerDispatcher->call(Object(App\Http\Controllers\VotantsController), Object(Illuminate\Routing\Route), 'update')
#5 [internal function]: Illuminate\Routing\ControllerDispatcher->Illuminate\Routing\{closure}(Object(Illuminate\Http\Request))
#6 C:\lamp\www\cens-2n\vendor\compiled.php(8952): call_user_func(Object(Closure), Object(Illuminate\Http\Request))
#7 [internal function]: Illuminate\Pipeline\Pipeline->Illuminate\Pipeline\{closure}(Object(Illuminate\Http\Request))
#8 C:\lamp\www\cens-2n\vendor\compiled.php(8935): call_user_func(Object(Closure), Object(Illuminate\Http\Request))
#9 C:\lamp\www\cens-2n\vendor\compiled.php(8334): Illuminate\Pipeline\Pipeline->then(Object(Closure))
#10 C:\lamp\www\cens-2n\vendor\compiled.php(8320): Illuminate\Routing\ControllerDispatcher->callWithinStack(Object(App\Http\Controllers\VotantsController), Object(Illuminate\Routing\Route), Object(Illuminate\Http\Request), 'update')
#11 C:\lamp\www\cens-2n\vendor\compiled.php(7317): Illuminate\Routing\ControllerDispatcher->dispatch(Object(Illuminate\Routing\Route), Object(Illuminate\Http\Request), 'App\\Http\\Contro...', 'update')
#12 C:\lamp\www\cens-2n\vendor\compiled.php(7288): Illuminate\Routing\Route->runWithCustomDispatcher(Object(Illuminate\Http\Request))
#13 C:\lamp\www\cens-2n\vendor\compiled.php(6954): Illuminate\Routing\Route->run(Object(Illuminate\Http\Request))
#14 [internal function]: Illuminate\Routing\Router->Illuminate\Routing\{closure}(Object(Illuminate\Http\Request))
#15 C:\lamp\www\cens-2n\vendor\compiled.php(8952): call_user_func(Object(Closure), Object(Illuminate\Http\Request))
#16 [internal function]: Illuminate\Pipeline\Pipeline->Illuminate\Pipeline\{closure}(Object(Illuminate\Http\Request))
#17 C:\lamp\www\cens-2n\vendor\compiled.php(8935): call_user_func(Object(Closure), Object(Illuminate\Http\Request))
#18 C:\lamp\www\cens-2n\vendor\compiled.php(6955): Illuminate\Pipeline\Pipeline->then(Object(Closure))
#19 C:\lamp\www\cens-2n\vendor\compiled.php(6944): Illuminate\Routing\Router->runRouteWithinStack(Object(Illuminate\Routing\Route), Object(Illuminate\Http\Request))
#20 C:\lamp\www\cens-2n\vendor\compiled.php(6929): Illuminate\Routing\Router->dispatchToRoute(Object(Illuminate\Http\Request))
#21 C:\lamp\www\cens-2n\vendor\compiled.php(1935): Illuminate\Routing\Router->dispatch(Object(Illuminate\Http\Request))
#22 [internal function]: Illuminate\Foundation\Http\Kernel->Illuminate\Foundation\Http\{closure}(Object(Illuminate\Http\Request))
#23 C:\lamp\www\cens-2n\vendor\compiled.php(8952): call_user_func(Object(Closure), Object(Illuminate\Http\Request))
#24 C:\lamp\www\cens-2n\vendor\compiled.php(2438): Illuminate\Pipeline\Pipeline->Illuminate\Pipeline\{closure}(Object(Illuminate\Http\Request))
#25 C:\lamp\www\cens-2n\app\Http\Middleware\VerifyCsrfToken.php(17): Illuminate\Foundation\Http\Middleware\VerifyCsrfToken->handle(Object(Illuminate\Http\Request), Object(Closure))
#26 C:\lamp\www\cens-2n\vendor\compiled.php(8944): App\Http\Middleware\VerifyCsrfToken->handle(Object(Illuminate\Http\Request), Object(Closure))
#27 C:\lamp\www\cens-2n\vendor\compiled.php(12083): Illuminate\Pipeline\Pipeline->Illuminate\Pipeline\{closure}(Object(Illuminate\Http\Request))
#28 C:\lamp\www\cens-2n\vendor\compiled.php(8944): Illuminate\View\Middleware\ShareErrorsFromSession->handle(Object(Illuminate\Http\Request), Object(Closure))
#29 C:\lamp\www\cens-2n\vendor\compiled.php(10785): Illuminate\Pipeline\Pipeline->Illuminate\Pipeline\{closure}(Object(Illuminate\Http\Request))
#30 C:\lamp\www\cens-2n\vendor\compiled.php(8944): Illuminate\Session\Middleware\StartSession->handle(Object(Illuminate\Http\Request), Object(Closure))
#31 C:\lamp\www\cens-2n\vendor\compiled.php(11789): Illuminate\Pipeline\Pipeline->Illuminate\Pipeline\{closure}(Object(Illuminate\Http\Request))
#32 C:\lamp\www\cens-2n\vendor\compiled.php(8944): Illuminate\Cookie\Middleware\AddQueuedCookiesToResponse->handle(Object(Illuminate\Http\Request), Object(Closure))
#33 C:\lamp\www\cens-2n\vendor\compiled.php(11738): Illuminate\Pipeline\Pipeline->Illuminate\Pipeline\{closure}(Object(Illuminate\Http\Request))
#34 C:\lamp\www\cens-2n\vendor\compiled.php(8944): Illuminate\Cookie\Middleware\EncryptCookies->handle(Object(Illuminate\Http\Request), Object(Closure))
#35 C:\lamp\www\cens-2n\vendor\compiled.php(2478): Illuminate\Pipeline\Pipeline->Illuminate\Pipeline\{closure}(Object(Illuminate\Http\Request))
#36 C:\lamp\www\cens-2n\vendor\compiled.php(8944): Illuminate\Foundation\Http\Middleware\CheckForMaintenanceMode->handle(Object(Illuminate\Http\Request), Object(Closure))
#37 [internal function]: Illuminate\Pipeline\Pipeline->Illuminate\Pipeline\{closure}(Object(Illuminate\Http\Request))
#38 C:\lamp\www\cens-2n\vendor\compiled.php(8935): call_user_func(Object(Closure), Object(Illuminate\Http\Request))
#39 C:\lamp\www\cens-2n\vendor\compiled.php(1891): Illuminate\Pipeline\Pipeline->then(Object(Closure))
#40 C:\lamp\www\cens-2n\vendor\compiled.php(1880): Illuminate\Foundation\Http\Kernel->sendRequestThroughRouter(Object(Illuminate\Http\Request))
#41 C:\lamp\www\cens-2n\public\index.php(53): Illuminate\Foundation\Http\Kernel->handle(Object(Illuminate\Http\Request))
#42 {main}  
[2015-04-22 16:02:31] production.ERROR: exception 'Symfony\Component\Debug\Exception\FatalErrorException' with message 'syntax error, unexpected ','' in C:\lamp\www\cens-2n\storage\framework\views\42c305fb49e401670ae3f8a10bfd1790:12
Stack trace:
#0 C:\lamp\www\cens-2n\vendor\compiled.php(1743): Symfony\Component\Debug\Exception\FatalErrorException->__construct()
#1 C:\lamp\www\cens-2n\vendor\compiled.php(1738): Illuminate\Foundation\Bootstrap\HandleExceptions->fatalExceptionFromError()
#2 C:\lamp\www\cens-2n\vendor\compiled.php(0): Illuminate\Foundation\Bootstrap\HandleExceptions->handleShutdown()
#3 C:\lamp\www\cens-2n\vendor\compiled.php(13683): Illuminate\View\Engines\PhpEngine->evaluatePath()
#4 C:\lamp\www\cens-2n\vendor\compiled.php(13523): Illuminate\View\Engines\CompilerEngine->get()
#5 C:\lamp\www\cens-2n\vendor\compiled.php(13510): Illuminate\View\View->getContents()
#6 C:\lamp\www\cens-2n\vendor\compiled.php(13501): Illuminate\View\View->renderContents()
#7 C:\lamp\www\cens-2n\storage\framework\views\1a771f155aff3915eff876eceb31ec3e(7): Illuminate\View\View->render()
#8 C:\lamp\www\cens-2n\vendor\compiled.php(13650): ()
#9 C:\lamp\www\cens-2n\vendor\compiled.php(13683): Illuminate\View\Engines\PhpEngine->evaluatePath()
#10 C:\lamp\www\cens-2n\vendor\compiled.php(13523): Illuminate\View\Engines\CompilerEngine->get()
#11 C:\lamp\www\cens-2n\vendor\compiled.php(13510): Illuminate\View\View->getContents()
#12 C:\lamp\www\cens-2n\vendor\compiled.php(13501): Illuminate\View\View->renderContents()
#13 C:\lamp\www\cens-2n\vendor\compiled.php(14597): Illuminate\View\View->render()
#14 C:\lamp\www\cens-2n\vendor\compiled.php(14126): Illuminate\Http\Response->setContent()
#15 C:\lamp\www\cens-2n\vendor\compiled.php(7154): Symfony\Component\HttpFoundation\Response->__construct()
#16 C:\lamp\www\cens-2n\vendor\compiled.php(6954): Illuminate\Routing\Router->prepareResponse()
#17 C:\lamp\www\cens-2n\vendor\compiled.php(8952): Illuminate\Routing\Router->Illuminate\Routing\{closure}()
#18 C:\lamp\www\cens-2n\vendor\compiled.php(8952): call_user_func:{C:\lamp\www\cens-2n\vendor\compiled.php:8952}()
#19 C:\lamp\www\cens-2n\vendor\compiled.php(8935): Illuminate\Pipeline\Pipeline->Illuminate\Pipeline\{closure}()
#20 C:\lamp\www\cens-2n\vendor\compiled.php(8935): call_user_func:{C:\lamp\www\cens-2n\vendor\compiled.php:8935}()
#21 C:\lamp\www\cens-2n\vendor\compiled.php(6955): Illuminate\Pipeline\Pipeline->then()
#22 C:\lamp\www\cens-2n\vendor\compiled.php(6944): Illuminate\Routing\Router->runRouteWithinStack()
#23 C:\lamp\www\cens-2n\vendor\compiled.php(6929): Illuminate\Routing\Router->dispatchToRoute()
#24 C:\lamp\www\cens-2n\vendor\compiled.php(1935): Illuminate\Routing\Router->dispatch()
#25 C:\lamp\www\cens-2n\vendor\compiled.php(8952): Illuminate\Foundation\Http\Kernel->Illuminate\Foundation\Http\{closure}()
#26 C:\lamp\www\cens-2n\vendor\compiled.php(8952): call_user_func:{C:\lamp\www\cens-2n\vendor\compiled.php:8952}()
#27 C:\lamp\www\cens-2n\vendor\compiled.php(2438): Illuminate\Pipeline\Pipeline->Illuminate\Pipeline\{closure}()
#28 C:\lamp\www\cens-2n\app\Http\Middleware\VerifyCsrfToken.php(17): Illuminate\Foundation\Http\Middleware\VerifyCsrfToken->handle()
#29 C:\lamp\www\cens-2n\vendor\compiled.php(8944): App\Http\Middleware\VerifyCsrfToken->handle()
#30 C:\lamp\www\cens-2n\vendor\compiled.php(12083): Illuminate\Pipeline\Pipeline->Illuminate\Pipeline\{closure}()
#31 C:\lamp\www\cens-2n\vendor\compiled.php(8944): Illuminate\View\Middleware\ShareErrorsFromSession->handle()
#32 C:\lamp\www\cens-2n\vendor\compiled.php(10785): Illuminate\Pipeline\Pipeline->Illuminate\Pipeline\{closure}()
#33 C:\lamp\www\cens-2n\vendor\compiled.php(8944): Illuminate\Session\Middleware\StartSession->handle()
#34 C:\lamp\www\cens-2n\vendor\compiled.php(11789): Illuminate\Pipeline\Pipeline->Illuminate\Pipeline\{closure}()
#35 C:\lamp\www\cens-2n\vendor\compiled.php(8944): Illuminate\Cookie\Middleware\AddQueuedCookiesToResponse->handle()
#36 C:\lamp\www\cens-2n\vendor\compiled.php(11738): Illuminate\Pipeline\Pipeline->Illuminate\Pipeline\{closure}()
#37 C:\lamp\www\cens-2n\vendor\compiled.php(8944): Illuminate\Cookie\Middleware\EncryptCookies->handle()
#38 C:\lamp\www\cens-2n\vendor\compiled.php(2478): Illuminate\Pipeline\Pipeline->Illuminate\Pipeline\{closure}()
#39 C:\lamp\www\cens-2n\vendor\compiled.php(8944): Illuminate\Foundation\Http\Middleware\CheckForMaintenanceMode->handle()
#40 C:\lamp\www\cens-2n\vendor\compiled.php(8935): Illuminate\Pipeline\Pipeline->Illuminate\Pipeline\{closure}()
#41 C:\lamp\www\cens-2n\vendor\compiled.php(8935): call_user_func:{C:\lamp\www\cens-2n\vendor\compiled.php:8935}()
#42 C:\lamp\www\cens-2n\vendor\compiled.php(1891): Illuminate\Pipeline\Pipeline->then()
#43 C:\lamp\www\cens-2n\vendor\compiled.php(1880): Illuminate\Foundation\Http\Kernel->sendRequestThroughRouter()
#44 C:\lamp\www\cens-2n\public\index.php(53): Illuminate\Foundation\Http\Kernel->handle()
#45 C:\lamp\www\cens-2n\public\index.php(0): {main}()
#46 {main}  
[2015-04-22 16:02:47] production.ERROR: exception 'Symfony\Component\Debug\Exception\FatalErrorException' with message 'syntax error, unexpected ')'' in C:\lamp\www\cens-2n\storage\framework\views\42c305fb49e401670ae3f8a10bfd1790:12
Stack trace:
#0 C:\lamp\www\cens-2n\vendor\compiled.php(1743): Symfony\Component\Debug\Exception\FatalErrorException->__construct()
#1 C:\lamp\www\cens-2n\vendor\compiled.php(1738): Illuminate\Foundation\Bootstrap\HandleExceptions->fatalExceptionFromError()
#2 C:\lamp\www\cens-2n\vendor\compiled.php(0): Illuminate\Foundation\Bootstrap\HandleExceptions->handleShutdown()
#3 C:\lamp\www\cens-2n\vendor\compiled.php(13683): Illuminate\View\Engines\PhpEngine->evaluatePath()
#4 C:\lamp\www\cens-2n\vendor\compiled.php(13523): Illuminate\View\Engines\CompilerEngine->get()
#5 C:\lamp\www\cens-2n\vendor\compiled.php(13510): Illuminate\View\View->getContents()
#6 C:\lamp\www\cens-2n\vendor\compiled.php(13501): Illuminate\View\View->renderContents()
#7 C:\lamp\www\cens-2n\storage\framework\views\1a771f155aff3915eff876eceb31ec3e(7): Illuminate\View\View->render()
#8 C:\lamp\www\cens-2n\vendor\compiled.php(13650): ()
#9 C:\lamp\www\cens-2n\vendor\compiled.php(13683): Illuminate\View\Engines\PhpEngine->evaluatePath()
#10 C:\lamp\www\cens-2n\vendor\compiled.php(13523): Illuminate\View\Engines\CompilerEngine->get()
#11 C:\lamp\www\cens-2n\vendor\compiled.php(13510): Illuminate\View\View->getContents()
#12 C:\lamp\www\cens-2n\vendor\compiled.php(13501): Illuminate\View\View->renderContents()
#13 C:\lamp\www\cens-2n\vendor\compiled.php(14597): Illuminate\View\View->render()
#14 C:\lamp\www\cens-2n\vendor\compiled.php(14126): Illuminate\Http\Response->setContent()
#15 C:\lamp\www\cens-2n\vendor\compiled.php(7154): Symfony\Component\HttpFoundation\Response->__construct()
#16 C:\lamp\www\cens-2n\vendor\compiled.php(6954): Illuminate\Routing\Router->prepareResponse()
#17 C:\lamp\www\cens-2n\vendor\compiled.php(8952): Illuminate\Routing\Router->Illuminate\Routing\{closure}()
#18 C:\lamp\www\cens-2n\vendor\compiled.php(8952): call_user_func:{C:\lamp\www\cens-2n\vendor\compiled.php:8952}()
#19 C:\lamp\www\cens-2n\vendor\compiled.php(8935): Illuminate\Pipeline\Pipeline->Illuminate\Pipeline\{closure}()
#20 C:\lamp\www\cens-2n\vendor\compiled.php(8935): call_user_func:{C:\lamp\www\cens-2n\vendor\compiled.php:8935}()
#21 C:\lamp\www\cens-2n\vendor\compiled.php(6955): Illuminate\Pipeline\Pipeline->then()
#22 C:\lamp\www\cens-2n\vendor\compiled.php(6944): Illuminate\Routing\Router->runRouteWithinStack()
#23 C:\lamp\www\cens-2n\vendor\compiled.php(6929): Illuminate\Routing\Router->dispatchToRoute()
#24 C:\lamp\www\cens-2n\vendor\compiled.php(1935): Illuminate\Routing\Router->dispatch()
#25 C:\lamp\www\cens-2n\vendor\compiled.php(8952): Illuminate\Foundation\Http\Kernel->Illuminate\Foundation\Http\{closure}()
#26 C:\lamp\www\cens-2n\vendor\compiled.php(8952): call_user_func:{C:\lamp\www\cens-2n\vendor\compiled.php:8952}()
#27 C:\lamp\www\cens-2n\vendor\compiled.php(2438): Illuminate\Pipeline\Pipeline->Illuminate\Pipeline\{closure}()
#28 C:\lamp\www\cens-2n\app\Http\Middleware\VerifyCsrfToken.php(17): Illuminate\Foundation\Http\Middleware\VerifyCsrfToken->handle()
#29 C:\lamp\www\cens-2n\vendor\compiled.php(8944): App\Http\Middleware\VerifyCsrfToken->handle()
#30 C:\lamp\www\cens-2n\vendor\compiled.php(12083): Illuminate\Pipeline\Pipeline->Illuminate\Pipeline\{closure}()
#31 C:\lamp\www\cens-2n\vendor\compiled.php(8944): Illuminate\View\Middleware\ShareErrorsFromSession->handle()
#32 C:\lamp\www\cens-2n\vendor\compiled.php(10785): Illuminate\Pipeline\Pipeline->Illuminate\Pipeline\{closure}()
#33 C:\lamp\www\cens-2n\vendor\compiled.php(8944): Illuminate\Session\Middleware\StartSession->handle()
#34 C:\lamp\www\cens-2n\vendor\compiled.php(11789): Illuminate\Pipeline\Pipeline->Illuminate\Pipeline\{closure}()
#35 C:\lamp\www\cens-2n\vendor\compiled.php(8944): Illuminate\Cookie\Middleware\AddQueuedCookiesToResponse->handle()
#36 C:\lamp\www\cens-2n\vendor\compiled.php(11738): Illuminate\Pipeline\Pipeline->Illuminate\Pipeline\{closure}()
#37 C:\lamp\www\cens-2n\vendor\compiled.php(8944): Illuminate\Cookie\Middleware\EncryptCookies->handle()
#38 C:\lamp\www\cens-2n\vendor\compiled.php(2478): Illuminate\Pipeline\Pipeline->Illuminate\Pipeline\{closure}()
#39 C:\lamp\www\cens-2n\vendor\compiled.php(8944): Illuminate\Foundation\Http\Middleware\CheckForMaintenanceMode->handle()
#40 C:\lamp\www\cens-2n\vendor\compiled.php(8935): Illuminate\Pipeline\Pipeline->Illuminate\Pipeline\{closure}()
#41 C:\lamp\www\cens-2n\vendor\compiled.php(8935): call_user_func:{C:\lamp\www\cens-2n\vendor\compiled.php:8935}()
#42 C:\lamp\www\cens-2n\vendor\compiled.php(1891): Illuminate\Pipeline\Pipeline->then()
#43 C:\lamp\www\cens-2n\vendor\compiled.php(1880): Illuminate\Foundation\Http\Kernel->sendRequestThroughRouter()
#44 C:\lamp\www\cens-2n\public\index.php(53): Illuminate\Foundation\Http\Kernel->handle()
#45 C:\lamp\www\cens-2n\public\index.php(0): {main}()
#46 {main}  
[2015-04-22 16:03:03] production.ERROR: exception 'Symfony\Component\Debug\Exception\FatalErrorException' with message 'syntax error, unexpected ','' in C:\lamp\www\cens-2n\storage\framework\views\42c305fb49e401670ae3f8a10bfd1790:12
Stack trace:
#0 C:\lamp\www\cens-2n\vendor\compiled.php(1743): Symfony\Component\Debug\Exception\FatalErrorException->__construct()
#1 C:\lamp\www\cens-2n\vendor\compiled.php(1738): Illuminate\Foundation\Bootstrap\HandleExceptions->fatalExceptionFromError()
#2 C:\lamp\www\cens-2n\vendor\compiled.php(0): Illuminate\Foundation\Bootstrap\HandleExceptions->handleShutdown()
#3 C:\lamp\www\cens-2n\vendor\compiled.php(13683): Illuminate\View\Engines\PhpEngine->evaluatePath()
#4 C:\lamp\www\cens-2n\vendor\compiled.php(13523): Illuminate\View\Engines\CompilerEngine->get()
#5 C:\lamp\www\cens-2n\vendor\compiled.php(13510): Illuminate\View\View->getContents()
#6 C:\lamp\www\cens-2n\vendor\compiled.php(13501): Illuminate\View\View->renderContents()
#7 C:\lamp\www\cens-2n\storage\framework\views\1a771f155aff3915eff876eceb31ec3e(7): Illuminate\View\View->render()
#8 C:\lamp\www\cens-2n\vendor\compiled.php(13650): ()
#9 C:\lamp\www\cens-2n\vendor\compiled.php(13683): Illuminate\View\Engines\PhpEngine->evaluatePath()
#10 C:\lamp\www\cens-2n\vendor\compiled.php(13523): Illuminate\View\Engines\CompilerEngine->get()
#11 C:\lamp\www\cens-2n\vendor\compiled.php(13510): Illuminate\View\View->getContents()
#12 C:\lamp\www\cens-2n\vendor\compiled.php(13501): Illuminate\View\View->renderContents()
#13 C:\lamp\www\cens-2n\vendor\compiled.php(14597): Illuminate\View\View->render()
#14 C:\lamp\www\cens-2n\vendor\compiled.php(14126): Illuminate\Http\Response->setContent()
#15 C:\lamp\www\cens-2n\vendor\compiled.php(7154): Symfony\Component\HttpFoundation\Response->__construct()
#16 C:\lamp\www\cens-2n\vendor\compiled.php(6954): Illuminate\Routing\Router->prepareResponse()
#17 C:\lamp\www\cens-2n\vendor\compiled.php(8952): Illuminate\Routing\Router->Illuminate\Routing\{closure}()
#18 C:\lamp\www\cens-2n\vendor\compiled.php(8952): call_user_func:{C:\lamp\www\cens-2n\vendor\compiled.php:8952}()
#19 C:\lamp\www\cens-2n\vendor\compiled.php(8935): Illuminate\Pipeline\Pipeline->Illuminate\Pipeline\{closure}()
#20 C:\lamp\www\cens-2n\vendor\compiled.php(8935): call_user_func:{C:\lamp\www\cens-2n\vendor\compiled.php:8935}()
#21 C:\lamp\www\cens-2n\vendor\compiled.php(6955): Illuminate\Pipeline\Pipeline->then()
#22 C:\lamp\www\cens-2n\vendor\compiled.php(6944): Illuminate\Routing\Router->runRouteWithinStack()
#23 C:\lamp\www\cens-2n\vendor\compiled.php(6929): Illuminate\Routing\Router->dispatchToRoute()
#24 C:\lamp\www\cens-2n\vendor\compiled.php(1935): Illuminate\Routing\Router->dispatch()
#25 C:\lamp\www\cens-2n\vendor\compiled.php(8952): Illuminate\Foundation\Http\Kernel->Illuminate\Foundation\Http\{closure}()
#26 C:\lamp\www\cens-2n\vendor\compiled.php(8952): call_user_func:{C:\lamp\www\cens-2n\vendor\compiled.php:8952}()
#27 C:\lamp\www\cens-2n\vendor\compiled.php(2438): Illuminate\Pipeline\Pipeline->Illuminate\Pipeline\{closure}()
#28 C:\lamp\www\cens-2n\app\Http\Middleware\VerifyCsrfToken.php(17): Illuminate\Foundation\Http\Middleware\VerifyCsrfToken->handle()
#29 C:\lamp\www\cens-2n\vendor\compiled.php(8944): App\Http\Middleware\VerifyCsrfToken->handle()
#30 C:\lamp\www\cens-2n\vendor\compiled.php(12083): Illuminate\Pipeline\Pipeline->Illuminate\Pipeline\{closure}()
#31 C:\lamp\www\cens-2n\vendor\compiled.php(8944): Illuminate\View\Middleware\ShareErrorsFromSession->handle()
#32 C:\lamp\www\cens-2n\vendor\compiled.php(10785): Illuminate\Pipeline\Pipeline->Illuminate\Pipeline\{closure}()
#33 C:\lamp\www\cens-2n\vendor\compiled.php(8944): Illuminate\Session\Middleware\StartSession->handle()
#34 C:\lamp\www\cens-2n\vendor\compiled.php(11789): Illuminate\Pipeline\Pipeline->Illuminate\Pipeline\{closure}()
#35 C:\lamp\www\cens-2n\vendor\compiled.php(8944): Illuminate\Cookie\Middleware\AddQueuedCookiesToResponse->handle()
#36 C:\lamp\www\cens-2n\vendor\compiled.php(11738): Illuminate\Pipeline\Pipeline->Illuminate\Pipeline\{closure}()
#37 C:\lamp\www\cens-2n\vendor\compiled.php(8944): Illuminate\Cookie\Middleware\EncryptCookies->handle()
#38 C:\lamp\www\cens-2n\vendor\compiled.php(2478): Illuminate\Pipeline\Pipeline->Illuminate\Pipeline\{closure}()
#39 C:\lamp\www\cens-2n\vendor\compiled.php(8944): Illuminate\Foundation\Http\Middleware\CheckForMaintenanceMode->handle()
#40 C:\lamp\www\cens-2n\vendor\compiled.php(8935): Illuminate\Pipeline\Pipeline->Illuminate\Pipeline\{closure}()
#41 C:\lamp\www\cens-2n\vendor\compiled.php(8935): call_user_func:{C:\lamp\www\cens-2n\vendor\compiled.php:8935}()
#42 C:\lamp\www\cens-2n\vendor\compiled.php(1891): Illuminate\Pipeline\Pipeline->then()
#43 C:\lamp\www\cens-2n\vendor\compiled.php(1880): Illuminate\Foundation\Http\Kernel->sendRequestThroughRouter()
#44 C:\lamp\www\cens-2n\public\index.php(53): Illuminate\Foundation\Http\Kernel->handle()
#45 C:\lamp\www\cens-2n\public\index.php(0): {main}()
#46 {main}  
[2015-04-22 16:03:06] production.ERROR: exception 'ErrorException' with message 'htmlentities() expects parameter 1 to be string, array given' in C:\lamp\www\cens-2n\vendor\laravel\framework\src\Illuminate\Support\helpers.php:455
Stack trace:
#0 [internal function]: Illuminate\Foundation\Bootstrap\HandleExceptions->handleError(2, 'htmlentities() ...', 'C:\\lamp\\www\\cen...', 455, Array)
#1 C:\lamp\www\cens-2n\vendor\laravel\framework\src\Illuminate\Support\helpers.php(455): htmlentities(Array, 3, 'UTF-8', false)
#2 C:\lamp\www\cens-2n\vendor\illuminate\html\HtmlBuilder.php(343): e(Array)
#3 C:\lamp\www\cens-2n\vendor\illuminate\html\HtmlBuilder.php(324): Illuminate\Html\HtmlBuilder->attributeElement('value', Array)
#4 C:\lamp\www\cens-2n\vendor\illuminate\html\FormBuilder.php(247): Illuminate\Html\HtmlBuilder->attributes(Array)
#5 C:\lamp\www\cens-2n\vendor\illuminate\html\FormBuilder.php(260): Illuminate\Html\FormBuilder->input('text', 'dni', Array, Array)
#6 C:\lamp\www\cens-2n\vendor\compiled.php(5303): Illuminate\Html\FormBuilder->text('dni', Array)
#7 C:\lamp\www\cens-2n\storage\framework\views\42c305fb49e401670ae3f8a10bfd1790(12): Illuminate\Support\Facades\Facade::__callStatic('text', Array)
#8 C:\lamp\www\cens-2n\storage\framework\views\42c305fb49e401670ae3f8a10bfd1790(12): Illuminate\Html\FormFacade::text('dni', Array)
#9 C:\lamp\www\cens-2n\vendor\compiled.php(13650): include('C:\\lamp\\www\\cen...')
#10 C:\lamp\www\cens-2n\vendor\compiled.php(13683): Illuminate\View\Engines\PhpEngine->evaluatePath('C:\\lamp\\www\\cen...', Array)
#11 C:\lamp\www\cens-2n\vendor\compiled.php(13523): Illuminate\View\Engines\CompilerEngine->get('C:\\lamp\\www\\cen...', Array)
#12 C:\lamp\www\cens-2n\vendor\compiled.php(13510): Illuminate\View\View->getContents()
#13 C:\lamp\www\cens-2n\vendor\compiled.php(13501): Illuminate\View\View->renderContents()
#14 C:\lamp\www\cens-2n\storage\framework\views\1a771f155aff3915eff876eceb31ec3e(7): Illuminate\View\View->render()
#15 C:\lamp\www\cens-2n\vendor\compiled.php(13650): include('C:\\lamp\\www\\cen...')
#16 C:\lamp\www\cens-2n\vendor\compiled.php(13683): Illuminate\View\Engines\PhpEngine->evaluatePath('C:\\lamp\\www\\cen...', Array)
#17 C:\lamp\www\cens-2n\vendor\compiled.php(13523): Illuminate\View\Engines\CompilerEngine->get('C:\\lamp\\www\\cen...', Array)
#18 C:\lamp\www\cens-2n\vendor\compiled.php(13510): Illuminate\View\View->getContents()
#19 C:\lamp\www\cens-2n\vendor\compiled.php(13501): Illuminate\View\View->renderContents()
#20 C:\lamp\www\cens-2n\vendor\compiled.php(14597): Illuminate\View\View->render()
#21 C:\lamp\www\cens-2n\vendor\compiled.php(14126): Illuminate\Http\Response->setContent(Object(Illuminate\View\View))
#22 C:\lamp\www\cens-2n\vendor\compiled.php(7154): Symfony\Component\HttpFoundation\Response->__construct(Object(Illuminate\View\View))
#23 C:\lamp\www\cens-2n\vendor\compiled.php(6954): Illuminate\Routing\Router->prepareResponse(Object(Illuminate\Http\Request), Object(Illuminate\View\View))
#24 [internal function]: Illuminate\Routing\Router->Illuminate\Routing\{closure}(Object(Illuminate\Http\Request))
#25 C:\lamp\www\cens-2n\vendor\compiled.php(8952): call_user_func(Object(Closure), Object(Illuminate\Http\Request))
#26 [internal function]: Illuminate\Pipeline\Pipeline->Illuminate\Pipeline\{closure}(Object(Illuminate\Http\Request))
#27 C:\lamp\www\cens-2n\vendor\compiled.php(8935): call_user_func(Object(Closure), Object(Illuminate\Http\Request))
#28 C:\lamp\www\cens-2n\vendor\compiled.php(6955): Illuminate\Pipeline\Pipeline->then(Object(Closure))
#29 C:\lamp\www\cens-2n\vendor\compiled.php(6944): Illuminate\Routing\Router->runRouteWithinStack(Object(Illuminate\Routing\Route), Object(Illuminate\Http\Request))
#30 C:\lamp\www\cens-2n\vendor\compiled.php(6929): Illuminate\Routing\Router->dispatchToRoute(Object(Illuminate\Http\Request))
#31 C:\lamp\www\cens-2n\vendor\compiled.php(1935): Illuminate\Routing\Router->dispatch(Object(Illuminate\Http\Request))
#32 [internal function]: Illuminate\Foundation\Http\Kernel->Illuminate\Foundation\Http\{closure}(Object(Illuminate\Http\Request))
#33 C:\lamp\www\cens-2n\vendor\compiled.php(8952): call_user_func(Object(Closure), Object(Illuminate\Http\Request))
#34 C:\lamp\www\cens-2n\vendor\compiled.php(2438): Illuminate\Pipeline\Pipeline->Illuminate\Pipeline\{closure}(Object(Illuminate\Http\Request))
#35 C:\lamp\www\cens-2n\app\Http\Middleware\VerifyCsrfToken.php(17): Illuminate\Foundation\Http\Middleware\VerifyCsrfToken->handle(Object(Illuminate\Http\Request), Object(Closure))
#36 C:\lamp\www\cens-2n\vendor\compiled.php(8944): App\Http\Middleware\VerifyCsrfToken->handle(Object(Illuminate\Http\Request), Object(Closure))
#37 C:\lamp\www\cens-2n\vendor\compiled.php(12083): Illuminate\Pipeline\Pipeline->Illuminate\Pipeline\{closure}(Object(Illuminate\Http\Request))
#38 C:\lamp\www\cens-2n\vendor\compiled.php(8944): Illuminate\View\Middleware\ShareErrorsFromSession->handle(Object(Illuminate\Http\Request), Object(Closure))
#39 C:\lamp\www\cens-2n\vendor\compiled.php(10785): Illuminate\Pipeline\Pipeline->Illuminate\Pipeline\{closure}(Object(Illuminate\Http\Request))
#40 C:\lamp\www\cens-2n\vendor\compiled.php(8944): Illuminate\Session\Middleware\StartSession->handle(Object(Illuminate\Http\Request), Object(Closure))
#41 C:\lamp\www\cens-2n\vendor\compiled.php(11789): Illuminate\Pipeline\Pipeline->Illuminate\Pipeline\{closure}(Object(Illuminate\Http\Request))
#42 C:\lamp\www\cens-2n\vendor\compiled.php(8944): Illuminate\Cookie\Middleware\AddQueuedCookiesToResponse->handle(Object(Illuminate\Http\Request), Object(Closure))
#43 C:\lamp\www\cens-2n\vendor\compiled.php(11738): Illuminate\Pipeline\Pipeline->Illuminate\Pipeline\{closure}(Object(Illuminate\Http\Request))
#44 C:\lamp\www\cens-2n\vendor\compiled.php(8944): Illuminate\Cookie\Middleware\EncryptCookies->handle(Object(Illuminate\Http\Request), Object(Closure))
#45 C:\lamp\www\cens-2n\vendor\compiled.php(2478): Illuminate\Pipeline\Pipeline->Illuminate\Pipeline\{closure}(Object(Illuminate\Http\Request))
#46 C:\lamp\www\cens-2n\vendor\compiled.php(8944): Illuminate\Foundation\Http\Middleware\CheckForMaintenanceMode->handle(Object(Illuminate\Http\Request), Object(Closure))
#47 [internal function]: Illuminate\Pipeline\Pipeline->Illuminate\Pipeline\{closure}(Object(Illuminate\Http\Request))
#48 C:\lamp\www\cens-2n\vendor\compiled.php(8935): call_user_func(Object(Closure), Object(Illuminate\Http\Request))
#49 C:\lamp\www\cens-2n\vendor\compiled.php(1891): Illuminate\Pipeline\Pipeline->then(Object(Closure))
#50 C:\lamp\www\cens-2n\vendor\compiled.php(1880): Illuminate\Foundation\Http\Kernel->sendRequestThroughRouter(Object(Illuminate\Http\Request))
#51 C:\lamp\www\cens-2n\public\index.php(53): Illuminate\Foundation\Http\Kernel->handle(Object(Illuminate\Http\Request))
#52 {main}

Next exception 'ErrorException' with message 'htmlentities() expects parameter 1 to be string, array given (View: C:\lamp\www\cens-2n\resources\views\votants\partials\_form.blade.php)' in C:\lamp\www\cens-2n\vendor\laravel\framework\src\Illuminate\Support\helpers.php:455
Stack trace:
#0 C:\lamp\www\cens-2n\vendor\compiled.php(13652): Illuminate\View\Engines\CompilerEngine->handleViewException(Object(ErrorException), 1)
#1 C:\lamp\www\cens-2n\vendor\compiled.php(13683): Illuminate\View\Engines\PhpEngine->evaluatePath('C:\\lamp\\www\\cen...', Array)
#2 C:\lamp\www\cens-2n\vendor\compiled.php(13523): Illuminate\View\Engines\CompilerEngine->get('C:\\lamp\\www\\cen...', Array)
#3 C:\lamp\www\cens-2n\vendor\compiled.php(13510): Illuminate\View\View->getContents()
#4 C:\lamp\www\cens-2n\vendor\compiled.php(13501): Illuminate\View\View->renderContents()
#5 C:\lamp\www\cens-2n\storage\framework\views\1a771f155aff3915eff876eceb31ec3e(7): Illuminate\View\View->render()
#6 C:\lamp\www\cens-2n\vendor\compiled.php(13650): include('C:\\lamp\\www\\cen...')
#7 C:\lamp\www\cens-2n\vendor\compiled.php(13683): Illuminate\View\Engines\PhpEngine->evaluatePath('C:\\lamp\\www\\cen...', Array)
#8 C:\lamp\www\cens-2n\vendor\compiled.php(13523): Illuminate\View\Engines\CompilerEngine->get('C:\\lamp\\www\\cen...', Array)
#9 C:\lamp\www\cens-2n\vendor\compiled.php(13510): Illuminate\View\View->getContents()
#10 C:\lamp\www\cens-2n\vendor\compiled.php(13501): Illuminate\View\View->renderContents()
#11 C:\lamp\www\cens-2n\vendor\compiled.php(14597): Illuminate\View\View->render()
#12 C:\lamp\www\cens-2n\vendor\compiled.php(14126): Illuminate\Http\Response->setContent(Object(Illuminate\View\View))
#13 C:\lamp\www\cens-2n\vendor\compiled.php(7154): Symfony\Component\HttpFoundation\Response->__construct(Object(Illuminate\View\View))
#14 C:\lamp\www\cens-2n\vendor\compiled.php(6954): Illuminate\Routing\Router->prepareResponse(Object(Illuminate\Http\Request), Object(Illuminate\View\View))
#15 [internal function]: Illuminate\Routing\Router->Illuminate\Routing\{closure}(Object(Illuminate\Http\Request))
#16 C:\lamp\www\cens-2n\vendor\compiled.php(8952): call_user_func(Object(Closure), Object(Illuminate\Http\Request))
#17 [internal function]: Illuminate\Pipeline\Pipeline->Illuminate\Pipeline\{closure}(Object(Illuminate\Http\Request))
#18 C:\lamp\www\cens-2n\vendor\compiled.php(8935): call_user_func(Object(Closure), Object(Illuminate\Http\Request))
#19 C:\lamp\www\cens-2n\vendor\compiled.php(6955): Illuminate\Pipeline\Pipeline->then(Object(Closure))
#20 C:\lamp\www\cens-2n\vendor\compiled.php(6944): Illuminate\Routing\Router->runRouteWithinStack(Object(Illuminate\Routing\Route), Object(Illuminate\Http\Request))
#21 C:\lamp\www\cens-2n\vendor\compiled.php(6929): Illuminate\Routing\Router->dispatchToRoute(Object(Illuminate\Http\Request))
#22 C:\lamp\www\cens-2n\vendor\compiled.php(1935): Illuminate\Routing\Router->dispatch(Object(Illuminate\Http\Request))
#23 [internal function]: Illuminate\Foundation\Http\Kernel->Illuminate\Foundation\Http\{closure}(Object(Illuminate\Http\Request))
#24 C:\lamp\www\cens-2n\vendor\compiled.php(8952): call_user_func(Object(Closure), Object(Illuminate\Http\Request))
#25 C:\lamp\www\cens-2n\vendor\compiled.php(2438): Illuminate\Pipeline\Pipeline->Illuminate\Pipeline\{closure}(Object(Illuminate\Http\Request))
#26 C:\lamp\www\cens-2n\app\Http\Middleware\VerifyCsrfToken.php(17): Illuminate\Foundation\Http\Middleware\VerifyCsrfToken->handle(Object(Illuminate\Http\Request), Object(Closure))
#27 C:\lamp\www\cens-2n\vendor\compiled.php(8944): App\Http\Middleware\VerifyCsrfToken->handle(Object(Illuminate\Http\Request), Object(Closure))
#28 C:\lamp\www\cens-2n\vendor\compiled.php(12083): Illuminate\Pipeline\Pipeline->Illuminate\Pipeline\{closure}(Object(Illuminate\Http\Request))
#29 C:\lamp\www\cens-2n\vendor\compiled.php(8944): Illuminate\View\Middleware\ShareErrorsFromSession->handle(Object(Illuminate\Http\Request), Object(Closure))
#30 C:\lamp\www\cens-2n\vendor\compiled.php(10785): Illuminate\Pipeline\Pipeline->Illuminate\Pipeline\{closure}(Object(Illuminate\Http\Request))
#31 C:\lamp\www\cens-2n\vendor\compiled.php(8944): Illuminate\Session\Middleware\StartSession->handle(Object(Illuminate\Http\Request), Object(Closure))
#32 C:\lamp\www\cens-2n\vendor\compiled.php(11789): Illuminate\Pipeline\Pipeline->Illuminate\Pipeline\{closure}(Object(Illuminate\Http\Request))
#33 C:\lamp\www\cens-2n\vendor\compiled.php(8944): Illuminate\Cookie\Middleware\AddQueuedCookiesToResponse->handle(Object(Illuminate\Http\Request), Object(Closure))
#34 C:\lamp\www\cens-2n\vendor\compiled.php(11738): Illuminate\Pipeline\Pipeline->Illuminate\Pipeline\{closure}(Object(Illuminate\Http\Request))
#35 C:\lamp\www\cens-2n\vendor\compiled.php(8944): Illuminate\Cookie\Middleware\EncryptCookies->handle(Object(Illuminate\Http\Request), Object(Closure))
#36 C:\lamp\www\cens-2n\vendor\compiled.php(2478): Illuminate\Pipeline\Pipeline->Illuminate\Pipeline\{closure}(Object(Illuminate\Http\Request))
#37 C:\lamp\www\cens-2n\vendor\compiled.php(8944): Illuminate\Foundation\Http\Middleware\CheckForMaintenanceMode->handle(Object(Illuminate\Http\Request), Object(Closure))
#38 [internal function]: Illuminate\Pipeline\Pipeline->Illuminate\Pipeline\{closure}(Object(Illuminate\Http\Request))
#39 C:\lamp\www\cens-2n\vendor\compiled.php(8935): call_user_func(Object(Closure), Object(Illuminate\Http\Request))
#40 C:\lamp\www\cens-2n\vendor\compiled.php(1891): Illuminate\Pipeline\Pipeline->then(Object(Closure))
#41 C:\lamp\www\cens-2n\vendor\compiled.php(1880): Illuminate\Foundation\Http\Kernel->sendRequestThroughRouter(Object(Illuminate\Http\Request))
#42 C:\lamp\www\cens-2n\public\index.php(53): Illuminate\Foundation\Http\Kernel->handle(Object(Illuminate\Http\Request))
#43 {main}

Next exception 'ErrorException' with message 'htmlentities() expects parameter 1 to be string, array given (View: C:\lamp\www\cens-2n\resources\views\votants\partials\_form.blade.php) (View: C:\lamp\www\cens-2n\resources\views\votants\partials\_form.blade.php)' in C:\lamp\www\cens-2n\vendor\laravel\framework\src\Illuminate\Support\helpers.php:455
Stack trace:
#0 C:\lamp\www\cens-2n\vendor\compiled.php(13652): Illuminate\View\Engines\CompilerEngine->handleViewException(Object(ErrorException), 1)
#1 C:\lamp\www\cens-2n\vendor\compiled.php(13683): Illuminate\View\Engines\PhpEngine->evaluatePath('C:\\lamp\\www\\cen...', Array)
#2 C:\lamp\www\cens-2n\vendor\compiled.php(13523): Illuminate\View\Engines\CompilerEngine->get('C:\\lamp\\www\\cen...', Array)
#3 C:\lamp\www\cens-2n\vendor\compiled.php(13510): Illuminate\View\View->getContents()
#4 C:\lamp\www\cens-2n\vendor\compiled.php(13501): Illuminate\View\View->renderContents()
#5 C:\lamp\www\cens-2n\vendor\compiled.php(14597): Illuminate\View\View->render()
#6 C:\lamp\www\cens-2n\vendor\compiled.php(14126): Illuminate\Http\Response->setContent(Object(Illuminate\View\View))
#7 C:\lamp\www\cens-2n\vendor\compiled.php(7154): Symfony\Component\HttpFoundation\Response->__construct(Object(Illuminate\View\View))
#8 C:\lamp\www\cens-2n\vendor\compiled.php(6954): Illuminate\Routing\Router->prepareResponse(Object(Illuminate\Http\Request), Object(Illuminate\View\View))
#9 [internal function]: Illuminate\Routing\Router->Illuminate\Routing\{closure}(Object(Illuminate\Http\Request))
#10 C:\lamp\www\cens-2n\vendor\compiled.php(8952): call_user_func(Object(Closure), Object(Illuminate\Http\Request))
#11 [internal function]: Illuminate\Pipeline\Pipeline->Illuminate\Pipeline\{closure}(Object(Illuminate\Http\Request))
#12 C:\lamp\www\cens-2n\vendor\compiled.php(8935): call_user_func(Object(Closure), Object(Illuminate\Http\Request))
#13 C:\lamp\www\cens-2n\vendor\compiled.php(6955): Illuminate\Pipeline\Pipeline->then(Object(Closure))
#14 C:\lamp\www\cens-2n\vendor\compiled.php(6944): Illuminate\Routing\Router->runRouteWithinStack(Object(Illuminate\Routing\Route), Object(Illuminate\Http\Request))
#15 C:\lamp\www\cens-2n\vendor\compiled.php(6929): Illuminate\Routing\Router->dispatchToRoute(Object(Illuminate\Http\Request))
#16 C:\lamp\www\cens-2n\vendor\compiled.php(1935): Illuminate\Routing\Router->dispatch(Object(Illuminate\Http\Request))
#17 [internal function]: Illuminate\Foundation\Http\Kernel->Illuminate\Foundation\Http\{closure}(Object(Illuminate\Http\Request))
#18 C:\lamp\www\cens-2n\vendor\compiled.php(8952): call_user_func(Object(Closure), Object(Illuminate\Http\Request))
#19 C:\lamp\www\cens-2n\vendor\compiled.php(2438): Illuminate\Pipeline\Pipeline->Illuminate\Pipeline\{closure}(Object(Illuminate\Http\Request))
#20 C:\lamp\www\cens-2n\app\Http\Middleware\VerifyCsrfToken.php(17): Illuminate\Foundation\Http\Middleware\VerifyCsrfToken->handle(Object(Illuminate\Http\Request), Object(Closure))
#21 C:\lamp\www\cens-2n\vendor\compiled.php(8944): App\Http\Middleware\VerifyCsrfToken->handle(Object(Illuminate\Http\Request), Object(Closure))
#22 C:\lamp\www\cens-2n\vendor\compiled.php(12083): Illuminate\Pipeline\Pipeline->Illuminate\Pipeline\{closure}(Object(Illuminate\Http\Request))
#23 C:\lamp\www\cens-2n\vendor\compiled.php(8944): Illuminate\View\Middleware\ShareErrorsFromSession->handle(Object(Illuminate\Http\Request), Object(Closure))
#24 C:\lamp\www\cens-2n\vendor\compiled.php(10785): Illuminate\Pipeline\Pipeline->Illuminate\Pipeline\{closure}(Object(Illuminate\Http\Request))
#25 C:\lamp\www\cens-2n\vendor\compiled.php(8944): Illuminate\Session\Middleware\StartSession->handle(Object(Illuminate\Http\Request), Object(Closure))
#26 C:\lamp\www\cens-2n\vendor\compiled.php(11789): Illuminate\Pipeline\Pipeline->Illuminate\Pipeline\{closure}(Object(Illuminate\Http\Request))
#27 C:\lamp\www\cens-2n\vendor\compiled.php(8944): Illuminate\Cookie\Middleware\AddQueuedCookiesToResponse->handle(Object(Illuminate\Http\Request), Object(Closure))
#28 C:\lamp\www\cens-2n\vendor\compiled.php(11738): Illuminate\Pipeline\Pipeline->Illuminate\Pipeline\{closure}(Object(Illuminate\Http\Request))
#29 C:\lamp\www\cens-2n\vendor\compiled.php(8944): Illuminate\Cookie\Middleware\EncryptCookies->handle(Object(Illuminate\Http\Request), Object(Closure))
#30 C:\lamp\www\cens-2n\vendor\compiled.php(2478): Illuminate\Pipeline\Pipeline->Illuminate\Pipeline\{closure}(Object(Illuminate\Http\Request))
#31 C:\lamp\www\cens-2n\vendor\compiled.php(8944): Illuminate\Foundation\Http\Middleware\CheckForMaintenanceMode->handle(Object(Illuminate\Http\Request), Object(Closure))
#32 [internal function]: Illuminate\Pipeline\Pipeline->Illuminate\Pipeline\{closure}(Object(Illuminate\Http\Request))
#33 C:\lamp\www\cens-2n\vendor\compiled.php(8935): call_user_func(Object(Closure), Object(Illuminate\Http\Request))
#34 C:\lamp\www\cens-2n\vendor\compiled.php(1891): Illuminate\Pipeline\Pipeline->then(Object(Closure))
#35 C:\lamp\www\cens-2n\vendor\compiled.php(1880): Illuminate\Foundation\Http\Kernel->sendRequestThroughRouter(Object(Illuminate\Http\Request))
#36 C:\lamp\www\cens-2n\public\index.php(53): Illuminate\Foundation\Http\Kernel->handle(Object(Illuminate\Http\Request))
#37 {main}  
